[1.714s] Invoking command in '/home/robu/work/robu_kocran19_ws/src/robu': PYTHONPATH=/home/robu/work/robu_kocran19_ws/build/robu/prefix_override:/home/robu/work/robu_kocran19_ws/install/robu/lib/python3.10/site-packages:${PYTHONPATH} /usr/bin/python3 setup.py egg_info --egg-base ../../build/robu build --build-base /home/robu/work/robu_kocran19_ws/build/robu/build install --record /home/robu/work/robu_kocran19_ws/build/robu/install.log --single-version-externally-managed
[2.289s] running egg_info
[2.291s] writing ../../build/robu/robu.egg-info/PKG-INFO
[2.292s] writing dependency_links to ../../build/robu/robu.egg-info/dependency_links.txt
[2.294s] writing entry points to ../../build/robu/robu.egg-info/entry_points.txt
[2.295s] writing requirements to ../../build/robu/robu.egg-info/requires.txt
[2.296s] writing top-level names to ../../build/robu/robu.egg-info/top_level.txt
[2.304s] reading manifest file '../../build/robu/robu.egg-info/SOURCES.txt'
[2.306s] writing manifest file '../../build/robu/robu.egg-info/SOURCES.txt'
[2.307s] running build
[2.308s] running build_py
[2.309s] running install
[2.311s] running install_lib
[2.314s] running install_data
[2.316s] running install_egg_info
[2.320s] removing '/home/robu/work/robu_kocran19_ws/install/robu/lib/python3.10/site-packages/robu-0.0.0-py3.10.egg-info' (and everything under it)
[2.322s] Copying ../../build/robu/robu.egg-info to /home/robu/work/robu_kocran19_ws/install/robu/lib/python3.10/site-packages/robu-0.0.0-py3.10.egg-info
[2.324s] running install_scripts
[2.356s] Installing mypublisher script to /home/robu/work/robu_kocran19_ws/install/robu/lib/robu
[2.358s] Installing mysubscriber script to /home/robu/work/robu_kocran19_ws/install/robu/lib/robu
[2.360s] Installing wallfollower script to /home/robu/work/robu_kocran19_ws/install/robu/lib/robu
[2.362s] writing list of installed files to '/home/robu/work/robu_kocran19_ws/build/robu/install.log'
[2.427s] Invoked command in '/home/robu/work/robu_kocran19_ws/src/robu' returned '0': PYTHONPATH=/home/robu/work/robu_kocran19_ws/build/robu/prefix_override:/home/robu/work/robu_kocran19_ws/install/robu/lib/python3.10/site-packages:${PYTHONPATH} /usr/bin/python3 setup.py egg_info --egg-base ../../build/robu build --build-base /home/robu/work/robu_kocran19_ws/build/robu/build install --record /home/robu/work/robu_kocran19_ws/build/robu/install.log --single-version-externally-managed
