[0.695s] Invoking command in '/home/robu/work/robu_kocran19_ws/src/robu': PYTHONPATH=/home/robu/work/robu_kocran19_ws/src/build/robu/prefix_override:/home/robu/work/robu_kocran19_ws/src/install/robu/lib/python3.10/site-packages:${PYTHONPATH} /usr/bin/python3 setup.py egg_info --egg-base ../build/robu build --build-base /home/robu/work/robu_kocran19_ws/src/build/robu/build install --record /home/robu/work/robu_kocran19_ws/src/build/robu/install.log --single-version-externally-managed
[0.908s] running egg_info
[0.909s] creating ../build/robu/robu.egg-info
[0.909s] writing ../build/robu/robu.egg-info/PKG-INFO
[0.910s] writing dependency_links to ../build/robu/robu.egg-info/dependency_links.txt
[0.910s] writing entry points to ../build/robu/robu.egg-info/entry_points.txt
[0.910s] writing requirements to ../build/robu/robu.egg-info/requires.txt
[0.910s] writing top-level names to ../build/robu/robu.egg-info/top_level.txt
[0.910s] writing manifest file '../build/robu/robu.egg-info/SOURCES.txt'
[0.911s] reading manifest file '../build/robu/robu.egg-info/SOURCES.txt'
[0.912s] writing manifest file '../build/robu/robu.egg-info/SOURCES.txt'
[0.912s] running build
[0.912s] running build_py
[0.912s] creating /home/robu/work/robu_kocran19_ws/src/build/robu/build
[0.912s] creating /home/robu/work/robu_kocran19_ws/src/build/robu/build/lib
[0.912s] creating /home/robu/work/robu_kocran19_ws/src/build/robu/build/lib/robu
[0.912s] copying robu/ex10_wallfollower.py -> /home/robu/work/robu_kocran19_ws/src/build/robu/build/lib/robu
[0.913s] copying robu/publisher_member_function.py -> /home/robu/work/robu_kocran19_ws/src/build/robu/build/lib/robu
[0.914s] copying robu/__init__.py -> /home/robu/work/robu_kocran19_ws/src/build/robu/build/lib/robu
[0.914s] copying robu/subscriber_member_function.py -> /home/robu/work/robu_kocran19_ws/src/build/robu/build/lib/robu
[0.915s] running install
[0.915s] running install_lib
[0.916s] creating /home/robu/work/robu_kocran19_ws/src/install/robu/lib/python3.10/site-packages/robu
[0.916s] copying /home/robu/work/robu_kocran19_ws/src/build/robu/build/lib/robu/ex10_wallfollower.py -> /home/robu/work/robu_kocran19_ws/src/install/robu/lib/python3.10/site-packages/robu
[0.916s] copying /home/robu/work/robu_kocran19_ws/src/build/robu/build/lib/robu/publisher_member_function.py -> /home/robu/work/robu_kocran19_ws/src/install/robu/lib/python3.10/site-packages/robu
[0.916s] copying /home/robu/work/robu_kocran19_ws/src/build/robu/build/lib/robu/__init__.py -> /home/robu/work/robu_kocran19_ws/src/install/robu/lib/python3.10/site-packages/robu
[0.916s] copying /home/robu/work/robu_kocran19_ws/src/build/robu/build/lib/robu/subscriber_member_function.py -> /home/robu/work/robu_kocran19_ws/src/install/robu/lib/python3.10/site-packages/robu
[0.917s] byte-compiling /home/robu/work/robu_kocran19_ws/src/install/robu/lib/python3.10/site-packages/robu/ex10_wallfollower.py to ex10_wallfollower.cpython-310.pyc
[0.918s] byte-compiling /home/robu/work/robu_kocran19_ws/src/install/robu/lib/python3.10/site-packages/robu/publisher_member_function.py to publisher_member_function.cpython-310.pyc
[0.918s] byte-compiling /home/robu/work/robu_kocran19_ws/src/install/robu/lib/python3.10/site-packages/robu/__init__.py to __init__.cpython-310.pyc
[0.918s] byte-compiling /home/robu/work/robu_kocran19_ws/src/install/robu/lib/python3.10/site-packages/robu/subscriber_member_function.py to subscriber_member_function.cpython-310.pyc
[0.919s] running install_data
[0.919s] creating /home/robu/work/robu_kocran19_ws/src/install/robu/share/ament_index
[0.920s] creating /home/robu/work/robu_kocran19_ws/src/install/robu/share/ament_index/resource_index
[0.920s] creating /home/robu/work/robu_kocran19_ws/src/install/robu/share/ament_index/resource_index/packages
[0.920s] copying resource/robu -> /home/robu/work/robu_kocran19_ws/src/install/robu/share/ament_index/resource_index/packages
[0.920s] copying package.xml -> /home/robu/work/robu_kocran19_ws/src/install/robu/share/robu
[0.920s] running install_egg_info
[0.921s] Copying ../build/robu/robu.egg-info to /home/robu/work/robu_kocran19_ws/src/install/robu/lib/python3.10/site-packages/robu-0.0.0-py3.10.egg-info
[0.922s] running install_scripts
[0.940s] Installing mypublisher script to /home/robu/work/robu_kocran19_ws/src/install/robu/lib/robu
[0.940s] Installing mysubscriber script to /home/robu/work/robu_kocran19_ws/src/install/robu/lib/robu
[0.940s] Installing wallfollower script to /home/robu/work/robu_kocran19_ws/src/install/robu/lib/robu
[0.941s] writing list of installed files to '/home/robu/work/robu_kocran19_ws/src/build/robu/install.log'
[0.978s] Invoked command in '/home/robu/work/robu_kocran19_ws/src/robu' returned '0': PYTHONPATH=/home/robu/work/robu_kocran19_ws/src/build/robu/prefix_override:/home/robu/work/robu_kocran19_ws/src/install/robu/lib/python3.10/site-packages:${PYTHONPATH} /usr/bin/python3 setup.py egg_info --egg-base ../build/robu build --build-base /home/robu/work/robu_kocran19_ws/src/build/robu/build install --record /home/robu/work/robu_kocran19_ws/src/build/robu/install.log --single-version-externally-managed
