[1.093s] Invoking command in '/home/robu/work/robu_kocran19_ws/src/robu': PYTHONPATH=/home/robu/work/robu_kocran19_ws/build/robu/prefix_override:/home/robu/work/robu_kocran19_ws/install/robu/lib/python3.10/site-packages: /usr/bin/python3 setup.py egg_info --egg-base ../../build/robu build --build-base /home/robu/work/robu_kocran19_ws/build/robu/build install --record /home/robu/work/robu_kocran19_ws/build/robu/install.log --single-version-externally-managed
[1.526s] running egg_info
[1.528s] writing ../../build/robu/robu.egg-info/PKG-INFO
[1.529s] writing dependency_links to ../../build/robu/robu.egg-info/dependency_links.txt
[1.530s] writing entry points to ../../build/robu/robu.egg-info/entry_points.txt
[1.531s] writing requirements to ../../build/robu/robu.egg-info/requires.txt
[1.532s] writing top-level names to ../../build/robu/robu.egg-info/top_level.txt
[1.535s] reading manifest file '../../build/robu/robu.egg-info/SOURCES.txt'
[1.540s] writing manifest file '../../build/robu/robu.egg-info/SOURCES.txt'
[1.540s] running build
[1.540s] running build_py
[1.542s] running install
[1.543s] running install_lib
[1.553s] running install_data
[1.554s] running install_egg_info
[1.557s] removing '/home/robu/work/robu_kocran19_ws/install/robu/lib/python3.10/site-packages/robu-0.0.0-py3.10.egg-info' (and everything under it)
[1.564s] Copying ../../build/robu/robu.egg-info to /home/robu/work/robu_kocran19_ws/install/robu/lib/python3.10/site-packages/robu-0.0.0-py3.10.egg-info
[1.567s] running install_scripts
[1.608s] Installing mypublisher script to /home/robu/work/robu_kocran19_ws/install/robu/lib/robu
[1.609s] Installing mysubscriber script to /home/robu/work/robu_kocran19_ws/install/robu/lib/robu
[1.611s] Installing wallfollower script to /home/robu/work/robu_kocran19_ws/install/robu/lib/robu
[1.613s] writing list of installed files to '/home/robu/work/robu_kocran19_ws/build/robu/install.log'
[1.699s] Invoked command in '/home/robu/work/robu_kocran19_ws/src/robu' returned '0': PYTHONPATH=/home/robu/work/robu_kocran19_ws/build/robu/prefix_override:/home/robu/work/robu_kocran19_ws/install/robu/lib/python3.10/site-packages: /usr/bin/python3 setup.py egg_info --egg-base ../../build/robu build --build-base /home/robu/work/robu_kocran19_ws/build/robu/build install --record /home/robu/work/robu_kocran19_ws/build/robu/install.log --single-version-externally-managed
