[0.613s] DEBUG:colcon:Command line arguments: ['/usr/bin/colcon', 'build']
[0.614s] DEBUG:colcon:Parsed command line arguments: Namespace(log_base=None, log_level=None, verb_name='build', build_base='build', install_base='install', merge_install=False, symlink_install=False, test_result_base=None, continue_on_error=False, executor='parallel', parallel_workers=2, event_handlers=None, ignore_user_meta=False, metas=['./colcon.meta'], base_paths=['.'], packages_ignore=None, packages_ignore_regex=None, paths=None, packages_up_to=None, packages_up_to_regex=None, packages_above=None, packages_above_and_dependencies=None, packages_above_depth=None, packages_select_by_dep=None, packages_skip_by_dep=None, packages_skip_up_to=None, packages_select_build_failed=False, packages_skip_build_finished=False, packages_select_test_failures=False, packages_skip_test_passed=False, packages_select=None, packages_skip=None, packages_select_regex=None, packages_skip_regex=None, packages_start=None, packages_end=None, allow_overriding=[], cmake_args=None, cmake_target=None, cmake_target_skip_unavailable=False, cmake_clean_cache=False, cmake_clean_first=False, cmake_force_configure=False, ament_cmake_args=None, catkin_cmake_args=None, catkin_skip_building_tests=False, verb_parser=<colcon_defaults.argument_parser.defaults.DefaultArgumentsDecorator object at 0x7fbca33d3f40>, verb_extension=<colcon_core.verb.build.BuildVerb object at 0x7fbca32e1990>, main=<bound method BuildVerb.main of <colcon_core.verb.build.BuildVerb object at 0x7fbca32e1990>>)
[0.646s] Level 1:colcon.colcon_core.package_discovery:discover_packages(colcon_meta) check parameters
[0.647s] Level 1:colcon.colcon_core.package_discovery:discover_packages(recursive) check parameters
[0.647s] Level 1:colcon.colcon_core.package_discovery:discover_packages(ignore) check parameters
[0.647s] Level 1:colcon.colcon_core.package_discovery:discover_packages(path) check parameters
[0.647s] Level 1:colcon.colcon_core.package_discovery:discover_packages(colcon_meta) discover
[0.647s] Level 1:colcon.colcon_core.package_discovery:discover_packages(recursive) discover
[0.648s] INFO:colcon.colcon_core.package_discovery:Crawling recursively for packages in '/home/robu/work/robu_kocran19_ws'
[0.648s] Level 1:colcon.colcon_core.package_identification:_identify(.) by extensions ['ignore', 'ignore_ament_install']
[0.648s] Level 1:colcon.colcon_core.package_identification:_identify(.) by extension 'ignore'
[0.648s] Level 1:colcon.colcon_core.package_identification:_identify(.) by extension 'ignore_ament_install'
[0.649s] Level 1:colcon.colcon_core.package_identification:_identify(.) by extensions ['colcon_pkg']
[0.649s] Level 1:colcon.colcon_core.package_identification:_identify(.) by extension 'colcon_pkg'
[0.649s] Level 1:colcon.colcon_core.package_identification:_identify(.) by extensions ['colcon_meta']
[0.649s] Level 1:colcon.colcon_core.package_identification:_identify(.) by extension 'colcon_meta'
[0.650s] Level 1:colcon.colcon_core.package_identification:_identify(.) by extensions ['ros']
[0.650s] Level 1:colcon.colcon_core.package_identification:_identify(.) by extension 'ros'
[0.668s] Level 1:colcon.colcon_core.package_identification:_identify(.) by extensions ['cmake', 'python']
[0.668s] Level 1:colcon.colcon_core.package_identification:_identify(.) by extension 'cmake'
[0.669s] Level 1:colcon.colcon_core.package_identification:_identify(.) by extension 'python'
[0.669s] Level 1:colcon.colcon_core.package_identification:_identify(.) by extensions ['python_setup_py']
[0.669s] Level 1:colcon.colcon_core.package_identification:_identify(.) by extension 'python_setup_py'
[0.669s] Level 1:colcon.colcon_core.package_identification:_identify(build) by extensions ['ignore', 'ignore_ament_install']
[0.670s] Level 1:colcon.colcon_core.package_identification:_identify(build) by extension 'ignore'
[0.670s] Level 1:colcon.colcon_core.package_identification:_identify(build) ignored
[0.670s] Level 1:colcon.colcon_core.package_identification:_identify(install) by extensions ['ignore', 'ignore_ament_install']
[0.671s] Level 1:colcon.colcon_core.package_identification:_identify(install) by extension 'ignore'
[0.671s] Level 1:colcon.colcon_core.package_identification:_identify(install) ignored
[0.671s] Level 1:colcon.colcon_core.package_identification:_identify(log) by extensions ['ignore', 'ignore_ament_install']
[0.672s] Level 1:colcon.colcon_core.package_identification:_identify(log) by extension 'ignore'
[0.672s] Level 1:colcon.colcon_core.package_identification:_identify(log) ignored
[0.672s] Level 1:colcon.colcon_core.package_identification:_identify(src) by extensions ['ignore', 'ignore_ament_install']
[0.672s] Level 1:colcon.colcon_core.package_identification:_identify(src) by extension 'ignore'
[0.672s] Level 1:colcon.colcon_core.package_identification:_identify(src) by extension 'ignore_ament_install'
[0.673s] Level 1:colcon.colcon_core.package_identification:_identify(src) by extensions ['colcon_pkg']
[0.673s] Level 1:colcon.colcon_core.package_identification:_identify(src) by extension 'colcon_pkg'
[0.673s] Level 1:colcon.colcon_core.package_identification:_identify(src) by extensions ['colcon_meta']
[0.673s] Level 1:colcon.colcon_core.package_identification:_identify(src) by extension 'colcon_meta'
[0.673s] Level 1:colcon.colcon_core.package_identification:_identify(src) by extensions ['ros']
[0.674s] Level 1:colcon.colcon_core.package_identification:_identify(src) by extension 'ros'
[0.674s] Level 1:colcon.colcon_core.package_identification:_identify(src) by extensions ['cmake', 'python']
[0.674s] Level 1:colcon.colcon_core.package_identification:_identify(src) by extension 'cmake'
[0.674s] Level 1:colcon.colcon_core.package_identification:_identify(src) by extension 'python'
[0.674s] Level 1:colcon.colcon_core.package_identification:_identify(src) by extensions ['python_setup_py']
[0.675s] Level 1:colcon.colcon_core.package_identification:_identify(src) by extension 'python_setup_py'
[0.675s] Level 1:colcon.colcon_core.package_identification:_identify(src/install) by extensions ['ignore', 'ignore_ament_install']
[0.675s] Level 1:colcon.colcon_core.package_identification:_identify(src/install) by extension 'ignore'
[0.675s] Level 1:colcon.colcon_core.package_identification:_identify(src/install) ignored
[0.676s] Level 1:colcon.colcon_core.package_identification:_identify(src/log) by extensions ['ignore', 'ignore_ament_install']
[0.676s] Level 1:colcon.colcon_core.package_identification:_identify(src/log) by extension 'ignore'
[0.676s] Level 1:colcon.colcon_core.package_identification:_identify(src/log) ignored
[0.676s] Level 1:colcon.colcon_core.package_identification:_identify(src/robu) by extensions ['ignore', 'ignore_ament_install']
[0.676s] Level 1:colcon.colcon_core.package_identification:_identify(src/robu) by extension 'ignore'
[0.677s] Level 1:colcon.colcon_core.package_identification:_identify(src/robu) by extension 'ignore_ament_install'
[0.677s] Level 1:colcon.colcon_core.package_identification:_identify(src/robu) by extensions ['colcon_pkg']
[0.677s] Level 1:colcon.colcon_core.package_identification:_identify(src/robu) by extension 'colcon_pkg'
[0.677s] Level 1:colcon.colcon_core.package_identification:_identify(src/robu) by extensions ['colcon_meta']
[0.677s] Level 1:colcon.colcon_core.package_identification:_identify(src/robu) by extension 'colcon_meta'
[0.678s] Level 1:colcon.colcon_core.package_identification:_identify(src/robu) by extensions ['ros']
[0.678s] Level 1:colcon.colcon_core.package_identification:_identify(src/robu) by extension 'ros'
[0.681s] DEBUG:colcon.colcon_core.package_identification:Package 'src/robu' with type 'ros.ament_python' and name 'robu'
[0.681s] Level 1:colcon.colcon_core.package_discovery:discover_packages(recursive) using defaults
[0.681s] Level 1:colcon.colcon_core.package_discovery:discover_packages(ignore) discover
[0.681s] Level 1:colcon.colcon_core.package_discovery:discover_packages(ignore) using defaults
[0.682s] Level 1:colcon.colcon_core.package_discovery:discover_packages(path) discover
[0.682s] Level 1:colcon.colcon_core.package_discovery:discover_packages(path) using defaults
[0.729s] Level 1:colcon.colcon_core.package_discovery:discover_packages(prefix_path) check parameters
[0.729s] Level 1:colcon.colcon_core.package_discovery:discover_packages(prefix_path) discover
[0.736s] DEBUG:colcon.colcon_installed_package_information.package_discovery:Found 17 installed packages in /home/robu/work/turtlebot3_ws/install
[0.739s] DEBUG:colcon.colcon_installed_package_information.package_discovery:Found 358 installed packages in /opt/ros/humble
[0.742s] Level 1:colcon.colcon_core.package_discovery:discover_packages(prefix_path) using defaults
[0.846s] Level 5:colcon.colcon_core.verb:set package 'robu' build argument 'cmake_args' from command line to 'None'
[0.846s] Level 5:colcon.colcon_core.verb:set package 'robu' build argument 'cmake_target' from command line to 'None'
[0.846s] Level 5:colcon.colcon_core.verb:set package 'robu' build argument 'cmake_target_skip_unavailable' from command line to 'False'
[0.846s] Level 5:colcon.colcon_core.verb:set package 'robu' build argument 'cmake_clean_cache' from command line to 'False'
[0.847s] Level 5:colcon.colcon_core.verb:set package 'robu' build argument 'cmake_clean_first' from command line to 'False'
[0.847s] Level 5:colcon.colcon_core.verb:set package 'robu' build argument 'cmake_force_configure' from command line to 'False'
[0.847s] Level 5:colcon.colcon_core.verb:set package 'robu' build argument 'ament_cmake_args' from command line to 'None'
[0.847s] Level 5:colcon.colcon_core.verb:set package 'robu' build argument 'catkin_cmake_args' from command line to 'None'
[0.847s] Level 5:colcon.colcon_core.verb:set package 'robu' build argument 'catkin_skip_building_tests' from command line to 'False'
[0.848s] DEBUG:colcon.colcon_core.verb:Building package 'robu' with the following arguments: {'ament_cmake_args': None, 'build_base': '/home/robu/work/robu_kocran19_ws/build/robu', 'catkin_cmake_args': None, 'catkin_skip_building_tests': False, 'cmake_args': None, 'cmake_clean_cache': False, 'cmake_clean_first': False, 'cmake_force_configure': False, 'cmake_target': None, 'cmake_target_skip_unavailable': False, 'install_base': '/home/robu/work/robu_kocran19_ws/install/robu', 'merge_install': False, 'path': '/home/robu/work/robu_kocran19_ws/src/robu', 'symlink_install': False, 'test_result_base': None}
[0.849s] INFO:colcon.colcon_core.executor:Executing jobs using 'parallel' executor
[0.853s] DEBUG:colcon.colcon_parallel_executor.executor.parallel:run_until_complete
[0.853s] INFO:colcon.colcon_ros.task.ament_python.build:Building ROS package in '/home/robu/work/robu_kocran19_ws/src/robu' with build type 'ament_python'
[0.853s] Level 1:colcon.colcon_core.shell:create_environment_hook('robu', 'ament_prefix_path')
[0.859s] INFO:colcon.colcon_core.plugin_system:Skipping extension 'colcon_core.shell.bat': Not used on non-Windows systems
[0.860s] INFO:colcon.colcon_core.shell:Creating environment hook '/home/robu/work/robu_kocran19_ws/install/robu/share/robu/hook/ament_prefix_path.ps1'
[0.862s] INFO:colcon.colcon_core.shell:Creating environment descriptor '/home/robu/work/robu_kocran19_ws/install/robu/share/robu/hook/ament_prefix_path.dsv'
[0.862s] INFO:colcon.colcon_core.shell:Creating environment hook '/home/robu/work/robu_kocran19_ws/install/robu/share/robu/hook/ament_prefix_path.sh'
[0.865s] INFO:colcon.colcon_core.shell:Skip shell extension 'powershell' for command environment: Not usable outside of PowerShell
[0.865s] DEBUG:colcon.colcon_core.shell:Skip shell extension 'dsv' for command environment
[1.575s] INFO:colcon.colcon_core.task.python.build:Building Python package in '/home/robu/work/robu_kocran19_ws/src/robu'
[1.576s] INFO:colcon.colcon_core.shell:Skip shell extension 'powershell' for command environment: Not usable outside of PowerShell
[1.577s] DEBUG:colcon.colcon_core.shell:Skip shell extension 'dsv' for command environment
[2.464s] DEBUG:colcon.colcon_core.event_handler.log_command:Invoking command in '/home/robu/work/robu_kocran19_ws/src/robu': PYTHONPATH=/home/robu/work/robu_kocran19_ws/build/robu/prefix_override:/home/robu/work/robu_kocran19_ws/install/robu/lib/python3.10/site-packages:${PYTHONPATH} /usr/bin/python3 setup.py egg_info --egg-base ../../build/robu build --build-base /home/robu/work/robu_kocran19_ws/build/robu/build install --record /home/robu/work/robu_kocran19_ws/build/robu/install.log --single-version-externally-managed
[3.253s] DEBUG:colcon.colcon_core.event_handler.log_command:Invoked command in '/home/robu/work/robu_kocran19_ws/src/robu' returned '0': PYTHONPATH=/home/robu/work/robu_kocran19_ws/build/robu/prefix_override:/home/robu/work/robu_kocran19_ws/install/robu/lib/python3.10/site-packages:${PYTHONPATH} /usr/bin/python3 setup.py egg_info --egg-base ../../build/robu build --build-base /home/robu/work/robu_kocran19_ws/build/robu/build install --record /home/robu/work/robu_kocran19_ws/build/robu/install.log --single-version-externally-managed
[3.259s] Level 1:colcon.colcon_core.environment:checking '/home/robu/work/robu_kocran19_ws/install/robu' for CMake module files
[3.267s] Level 1:colcon.colcon_core.environment:checking '/home/robu/work/robu_kocran19_ws/install/robu' for CMake config files
[3.268s] Level 1:colcon.colcon_core.environment:checking '/home/robu/work/robu_kocran19_ws/install/robu/lib'
[3.268s] Level 1:colcon.colcon_core.environment:checking '/home/robu/work/robu_kocran19_ws/install/robu/bin'
[3.268s] Level 1:colcon.colcon_core.environment:checking '/home/robu/work/robu_kocran19_ws/install/robu/lib/pkgconfig/robu.pc'
[3.269s] Level 1:colcon.colcon_core.environment:checking '/home/robu/work/robu_kocran19_ws/install/robu/lib/python3.10/site-packages'
[3.269s] Level 1:colcon.colcon_core.shell:create_environment_hook('robu', 'pythonpath')
[3.271s] INFO:colcon.colcon_core.shell:Creating environment hook '/home/robu/work/robu_kocran19_ws/install/robu/share/robu/hook/pythonpath.ps1'
[3.278s] INFO:colcon.colcon_core.shell:Creating environment descriptor '/home/robu/work/robu_kocran19_ws/install/robu/share/robu/hook/pythonpath.dsv'
[3.279s] INFO:colcon.colcon_core.shell:Creating environment hook '/home/robu/work/robu_kocran19_ws/install/robu/share/robu/hook/pythonpath.sh'
[3.281s] Level 1:colcon.colcon_core.environment:checking '/home/robu/work/robu_kocran19_ws/install/robu/bin'
[3.281s] Level 1:colcon.colcon_core.environment:create_environment_scripts_only(robu)
[3.283s] INFO:colcon.colcon_core.shell:Creating package script '/home/robu/work/robu_kocran19_ws/install/robu/share/robu/package.ps1'
[3.285s] INFO:colcon.colcon_core.shell:Creating package descriptor '/home/robu/work/robu_kocran19_ws/install/robu/share/robu/package.dsv'
[3.290s] INFO:colcon.colcon_core.shell:Creating package script '/home/robu/work/robu_kocran19_ws/install/robu/share/robu/package.sh'
[3.292s] INFO:colcon.colcon_core.shell:Creating package script '/home/robu/work/robu_kocran19_ws/install/robu/share/robu/package.bash'
[3.293s] INFO:colcon.colcon_core.shell:Creating package script '/home/robu/work/robu_kocran19_ws/install/robu/share/robu/package.zsh'
[3.295s] Level 1:colcon.colcon_core.environment:create_file_with_runtime_dependencies(/home/robu/work/robu_kocran19_ws/install/robu/share/colcon-core/packages/robu)
[3.299s] DEBUG:colcon.colcon_parallel_executor.executor.parallel:closing loop
[3.300s] DEBUG:colcon.colcon_parallel_executor.executor.parallel:loop closed
[3.300s] DEBUG:colcon.colcon_parallel_executor.executor.parallel:run_until_complete finished with '0'
[3.300s] DEBUG:colcon.colcon_core.event_reactor:joining thread
[3.327s] INFO:colcon.colcon_core.plugin_system:Skipping extension 'colcon_notification.desktop_notification.terminal_notifier': Not used on non-Darwin systems
[3.327s] INFO:colcon.colcon_core.plugin_system:Skipping extension 'colcon_notification.desktop_notification.win32': Not used on non-Windows systems
[3.327s] INFO:colcon.colcon_notification.desktop_notification:Sending desktop notification using 'notify2'
[3.399s] DEBUG:colcon.colcon_core.event_reactor:joined thread
[3.400s] INFO:colcon.colcon_core.shell:Creating prefix script '/home/robu/work/robu_kocran19_ws/install/local_setup.ps1'
[3.402s] INFO:colcon.colcon_core.shell:Creating prefix util module '/home/robu/work/robu_kocran19_ws/install/_local_setup_util_ps1.py'
[3.403s] INFO:colcon.colcon_core.shell:Creating prefix chain script '/home/robu/work/robu_kocran19_ws/install/setup.ps1'
[3.408s] INFO:colcon.colcon_core.shell:Creating prefix script '/home/robu/work/robu_kocran19_ws/install/local_setup.sh'
[3.409s] INFO:colcon.colcon_core.shell:Creating prefix util module '/home/robu/work/robu_kocran19_ws/install/_local_setup_util_sh.py'
[3.410s] INFO:colcon.colcon_core.shell:Creating prefix chain script '/home/robu/work/robu_kocran19_ws/install/setup.sh'
[3.413s] INFO:colcon.colcon_core.shell:Creating prefix script '/home/robu/work/robu_kocran19_ws/install/local_setup.bash'
[3.413s] INFO:colcon.colcon_core.shell:Creating prefix chain script '/home/robu/work/robu_kocran19_ws/install/setup.bash'
[3.427s] INFO:colcon.colcon_core.shell:Creating prefix script '/home/robu/work/robu_kocran19_ws/install/local_setup.zsh'
[3.428s] INFO:colcon.colcon_core.shell:Creating prefix chain script '/home/robu/work/robu_kocran19_ws/install/setup.zsh'
