[1.109s] Invoking command in '/home/robu/work/robu_kocran19_ws/src/robu': PYTHONPATH=/home/robu/work/robu_kocran19_ws/build/robu/prefix_override:/home/robu/work/robu_kocran19_ws/install/robu/lib/python3.10/site-packages:${PYTHONPATH} /usr/bin/python3 setup.py egg_info --egg-base ../../build/robu build --build-base /home/robu/work/robu_kocran19_ws/build/robu/build install --record /home/robu/work/robu_kocran19_ws/build/robu/install.log --single-version-externally-managed
[1.461s] running egg_info
[1.462s] writing ../../build/robu/robu.egg-info/PKG-INFO
[1.463s] writing dependency_links to ../../build/robu/robu.egg-info/dependency_links.txt
[1.464s] writing entry points to ../../build/robu/robu.egg-info/entry_points.txt
[1.464s] writing requirements to ../../build/robu/robu.egg-info/requires.txt
[1.465s] writing top-level names to ../../build/robu/robu.egg-info/top_level.txt
[1.466s] reading manifest file '../../build/robu/robu.egg-info/SOURCES.txt'
[1.467s] writing manifest file '../../build/robu/robu.egg-info/SOURCES.txt'
[1.468s] running build
[1.468s] running build_py
[1.468s] copying robu/ex10_wallfollower.py -> /home/robu/work/robu_kocran19_ws/build/robu/build/lib/robu
[1.470s] running install
[1.470s] running install_lib
[1.471s] copying /home/robu/work/robu_kocran19_ws/build/robu/build/lib/robu/ex10_wallfollower.py -> /home/robu/work/robu_kocran19_ws/install/robu/lib/python3.10/site-packages/robu
[1.471s] byte-compiling /home/robu/work/robu_kocran19_ws/install/robu/lib/python3.10/site-packages/robu/ex10_wallfollower.py to ex10_wallfollower.cpython-310.pyc
[1.473s] running install_data
[1.474s] running install_egg_info
[1.476s] removing '/home/robu/work/robu_kocran19_ws/install/robu/lib/python3.10/site-packages/robu-0.0.0-py3.10.egg-info' (and everything under it)
[1.477s] Copying ../../build/robu/robu.egg-info to /home/robu/work/robu_kocran19_ws/install/robu/lib/python3.10/site-packages/robu-0.0.0-py3.10.egg-info
[1.479s] running install_scripts
[1.508s] Installing mypublisher script to /home/robu/work/robu_kocran19_ws/install/robu/lib/robu
[1.509s] Installing mysubscriber script to /home/robu/work/robu_kocran19_ws/install/robu/lib/robu
[1.509s] Installing wallfollower script to /home/robu/work/robu_kocran19_ws/install/robu/lib/robu
[1.510s] writing list of installed files to '/home/robu/work/robu_kocran19_ws/build/robu/install.log'
[1.546s] Invoked command in '/home/robu/work/robu_kocran19_ws/src/robu' returned '0': PYTHONPATH=/home/robu/work/robu_kocran19_ws/build/robu/prefix_override:/home/robu/work/robu_kocran19_ws/install/robu/lib/python3.10/site-packages:${PYTHONPATH} /usr/bin/python3 setup.py egg_info --egg-base ../../build/robu build --build-base /home/robu/work/robu_kocran19_ws/build/robu/build install --record /home/robu/work/robu_kocran19_ws/build/robu/install.log --single-version-externally-managed
