[1.604s] Invoking command in '/home/robu/work/robu_kocran19_ws/src/robu': PYTHONPATH=/home/robu/work/robu_kocran19_ws/build/robu/prefix_override:/home/robu/work/robu_kocran19_ws/install/robu/lib/python3.10/site-packages:${PYTHONPATH} /usr/bin/python3 setup.py egg_info --egg-base ../../build/robu build --build-base /home/robu/work/robu_kocran19_ws/build/robu/build install --record /home/robu/work/robu_kocran19_ws/build/robu/install.log --single-version-externally-managed
[2.215s] running egg_info
[2.216s] writing ../../build/robu/robu.egg-info/PKG-INFO
[2.217s] writing dependency_links to ../../build/robu/robu.egg-info/dependency_links.txt
[2.221s] writing entry points to ../../build/robu/robu.egg-info/entry_points.txt
[2.222s] writing requirements to ../../build/robu/robu.egg-info/requires.txt
[2.223s] writing top-level names to ../../build/robu/robu.egg-info/top_level.txt
[2.226s] reading manifest file '../../build/robu/robu.egg-info/SOURCES.txt'
[2.227s] writing manifest file '../../build/robu/robu.egg-info/SOURCES.txt'
[2.227s] running build
[2.228s] running build_py
[2.230s] running install
[2.232s] running install_lib
[2.239s] running install_data
[2.243s] running install_egg_info
[2.252s] removing '/home/robu/work/robu_kocran19_ws/install/robu/lib/python3.10/site-packages/robu-0.0.0-py3.10.egg-info' (and everything under it)
[2.253s] Copying ../../build/robu/robu.egg-info to /home/robu/work/robu_kocran19_ws/install/robu/lib/python3.10/site-packages/robu-0.0.0-py3.10.egg-info
[2.254s] running install_scripts
[2.297s] Installing mypublisher script to /home/robu/work/robu_kocran19_ws/install/robu/lib/robu
[2.302s] Installing mysubscriber script to /home/robu/work/robu_kocran19_ws/install/robu/lib/robu
[2.302s] Installing wallfollower script to /home/robu/work/robu_kocran19_ws/install/robu/lib/robu
[2.303s] writing list of installed files to '/home/robu/work/robu_kocran19_ws/build/robu/install.log'
[2.393s] Invoked command in '/home/robu/work/robu_kocran19_ws/src/robu' returned '0': PYTHONPATH=/home/robu/work/robu_kocran19_ws/build/robu/prefix_override:/home/robu/work/robu_kocran19_ws/install/robu/lib/python3.10/site-packages:${PYTHONPATH} /usr/bin/python3 setup.py egg_info --egg-base ../../build/robu build --build-base /home/robu/work/robu_kocran19_ws/build/robu/build install --record /home/robu/work/robu_kocran19_ws/build/robu/install.log --single-version-externally-managed
