[1.388s] Invoking command in '/home/robu/work/robu_kocran19_ws/src/robu': PYTHONPATH=/home/robu/work/robu_kocran19_ws/build/robu/prefix_override:/home/robu/work/robu_kocran19_ws/install/robu/lib/python3.10/site-packages:${PYTHONPATH} /usr/bin/python3 setup.py egg_info --egg-base ../../build/robu build --build-base /home/robu/work/robu_kocran19_ws/build/robu/build install --record /home/robu/work/robu_kocran19_ws/build/robu/install.log --single-version-externally-managed
[1.907s] running egg_info
[1.909s] writing ../../build/robu/robu.egg-info/PKG-INFO
[1.911s] writing dependency_links to ../../build/robu/robu.egg-info/dependency_links.txt
[1.912s] writing entry points to ../../build/robu/robu.egg-info/entry_points.txt
[1.913s] writing requirements to ../../build/robu/robu.egg-info/requires.txt
[1.915s] writing top-level names to ../../build/robu/robu.egg-info/top_level.txt
[1.919s] reading manifest file '../../build/robu/robu.egg-info/SOURCES.txt'
[1.920s] writing manifest file '../../build/robu/robu.egg-info/SOURCES.txt'
[1.922s] running build
[1.922s] running build_py
[1.923s] running install
[1.925s] running install_lib
[1.927s] running install_data
[1.928s] running install_egg_info
[1.931s] removing '/home/robu/work/robu_kocran19_ws/install/robu/lib/python3.10/site-packages/robu-0.0.0-py3.10.egg-info' (and everything under it)
[1.955s] Copying ../../build/robu/robu.egg-info to /home/robu/work/robu_kocran19_ws/install/robu/lib/python3.10/site-packages/robu-0.0.0-py3.10.egg-info
[1.956s] running install_scripts
[2.001s] Installing mypublisher script to /home/robu/work/robu_kocran19_ws/install/robu/lib/robu
[2.004s] Installing mysubscriber script to /home/robu/work/robu_kocran19_ws/install/robu/lib/robu
[2.005s] Installing wallfollower script to /home/robu/work/robu_kocran19_ws/install/robu/lib/robu
[2.007s] writing list of installed files to '/home/robu/work/robu_kocran19_ws/build/robu/install.log'
[2.169s] Invoked command in '/home/robu/work/robu_kocran19_ws/src/robu' returned '0': PYTHONPATH=/home/robu/work/robu_kocran19_ws/build/robu/prefix_override:/home/robu/work/robu_kocran19_ws/install/robu/lib/python3.10/site-packages:${PYTHONPATH} /usr/bin/python3 setup.py egg_info --egg-base ../../build/robu build --build-base /home/robu/work/robu_kocran19_ws/build/robu/build install --record /home/robu/work/robu_kocran19_ws/build/robu/install.log --single-version-externally-managed
