[1.494s] Invoking command in '/home/robu/work/robu_kocran19_ws/src/robu': PYTHONPATH=/home/robu/work/robu_kocran19_ws/build/robu/prefix_override:/home/robu/work/robu_kocran19_ws/install/robu/lib/python3.10/site-packages:${PYTHONPATH} /usr/bin/python3 setup.py egg_info --egg-base ../../build/robu build --build-base /home/robu/work/robu_kocran19_ws/build/robu/build install --record /home/robu/work/robu_kocran19_ws/build/robu/install.log --single-version-externally-managed
[2.007s] running egg_info
[2.009s] writing ../../build/robu/robu.egg-info/PKG-INFO
[2.010s] writing dependency_links to ../../build/robu/robu.egg-info/dependency_links.txt
[2.011s] writing entry points to ../../build/robu/robu.egg-info/entry_points.txt
[2.012s] writing requirements to ../../build/robu/robu.egg-info/requires.txt
[2.012s] writing top-level names to ../../build/robu/robu.egg-info/top_level.txt
[2.016s] reading manifest file '../../build/robu/robu.egg-info/SOURCES.txt'
[2.017s] writing manifest file '../../build/robu/robu.egg-info/SOURCES.txt'
[2.018s] running build
[2.019s] running build_py
[2.020s] copying robu/ex10_wallfollower.py -> /home/robu/work/robu_kocran19_ws/build/robu/build/lib/robu
[2.021s] running install
[2.022s] running install_lib
[2.023s] copying /home/robu/work/robu_kocran19_ws/build/robu/build/lib/robu/ex10_wallfollower.py -> /home/robu/work/robu_kocran19_ws/install/robu/lib/python3.10/site-packages/robu
[2.026s] byte-compiling /home/robu/work/robu_kocran19_ws/install/robu/lib/python3.10/site-packages/robu/ex10_wallfollower.py to ex10_wallfollower.cpython-310.pyc
[2.028s] running install_data
[2.029s] running install_egg_info
[2.032s] removing '/home/robu/work/robu_kocran19_ws/install/robu/lib/python3.10/site-packages/robu-0.0.0-py3.10.egg-info' (and everything under it)
[2.035s] Copying ../../build/robu/robu.egg-info to /home/robu/work/robu_kocran19_ws/install/robu/lib/python3.10/site-packages/robu-0.0.0-py3.10.egg-info
[2.042s] running install_scripts
[2.085s] Installing mypublisher script to /home/robu/work/robu_kocran19_ws/install/robu/lib/robu
[2.086s] Installing mysubscriber script to /home/robu/work/robu_kocran19_ws/install/robu/lib/robu
[2.091s] Installing wallfollower script to /home/robu/work/robu_kocran19_ws/install/robu/lib/robu
[2.092s] writing list of installed files to '/home/robu/work/robu_kocran19_ws/build/robu/install.log'
[2.165s] Invoked command in '/home/robu/work/robu_kocran19_ws/src/robu' returned '0': PYTHONPATH=/home/robu/work/robu_kocran19_ws/build/robu/prefix_override:/home/robu/work/robu_kocran19_ws/install/robu/lib/python3.10/site-packages:${PYTHONPATH} /usr/bin/python3 setup.py egg_info --egg-base ../../build/robu build --build-base /home/robu/work/robu_kocran19_ws/build/robu/build install --record /home/robu/work/robu_kocran19_ws/build/robu/install.log --single-version-externally-managed
