[1.652s] Invoking command in '/home/robu/work/robu_kocran19_ws/src/robu': PYTHONPATH=/home/robu/work/robu_kocran19_ws/build/robu/prefix_override:/home/robu/work/robu_kocran19_ws/install/robu/lib/python3.10/site-packages:${PYTHONPATH} /usr/bin/python3 setup.py egg_info --egg-base ../../build/robu build --build-base /home/robu/work/robu_kocran19_ws/build/robu/build install --record /home/robu/work/robu_kocran19_ws/build/robu/install.log --single-version-externally-managed
[2.380s] running egg_info
[2.382s] writing ../../build/robu/robu.egg-info/PKG-INFO
[2.383s] writing dependency_links to ../../build/robu/robu.egg-info/dependency_links.txt
[2.384s] writing entry points to ../../build/robu/robu.egg-info/entry_points.txt
[2.384s] writing requirements to ../../build/robu/robu.egg-info/requires.txt
[2.385s] writing top-level names to ../../build/robu/robu.egg-info/top_level.txt
[2.390s] reading manifest file '../../build/robu/robu.egg-info/SOURCES.txt'
[2.392s] writing manifest file '../../build/robu/robu.egg-info/SOURCES.txt'
[2.400s] running build
[2.400s] running build_py
[2.401s] running install
[2.402s] running install_lib
[2.404s] running install_data
[2.409s] running install_egg_info
[2.413s] removing '/home/robu/work/robu_kocran19_ws/install/robu/lib/python3.10/site-packages/robu-0.0.0-py3.10.egg-info' (and everything under it)
[2.414s] Copying ../../build/robu/robu.egg-info to /home/robu/work/robu_kocran19_ws/install/robu/lib/python3.10/site-packages/robu-0.0.0-py3.10.egg-info
[2.416s] running install_scripts
[2.479s] Installing mypublisher script to /home/robu/work/robu_kocran19_ws/install/robu/lib/robu
[2.479s] Installing mysubscriber script to /home/robu/work/robu_kocran19_ws/install/robu/lib/robu
[2.480s] Installing wallfollower script to /home/robu/work/robu_kocran19_ws/install/robu/lib/robu
[2.481s] writing list of installed files to '/home/robu/work/robu_kocran19_ws/build/robu/install.log'
[2.577s] Invoked command in '/home/robu/work/robu_kocran19_ws/src/robu' returned '0': PYTHONPATH=/home/robu/work/robu_kocran19_ws/build/robu/prefix_override:/home/robu/work/robu_kocran19_ws/install/robu/lib/python3.10/site-packages:${PYTHONPATH} /usr/bin/python3 setup.py egg_info --egg-base ../../build/robu build --build-base /home/robu/work/robu_kocran19_ws/build/robu/build install --record /home/robu/work/robu_kocran19_ws/build/robu/install.log --single-version-externally-managed
