[1.797s] DEBUG:colcon:Command line arguments: ['/usr/bin/colcon', 'build']
[1.798s] DEBUG:colcon:Parsed command line arguments: Namespace(log_base=None, log_level=None, verb_name='build', build_base='build', install_base='install', merge_install=False, symlink_install=False, test_result_base=None, continue_on_error=False, executor='parallel', parallel_workers=2, event_handlers=None, ignore_user_meta=False, metas=['./colcon.meta'], base_paths=['.'], packages_ignore=None, packages_ignore_regex=None, paths=None, packages_up_to=None, packages_up_to_regex=None, packages_above=None, packages_above_and_dependencies=None, packages_above_depth=None, packages_select_by_dep=None, packages_skip_by_dep=None, packages_skip_up_to=None, packages_select_build_failed=False, packages_skip_build_finished=False, packages_select_test_failures=False, packages_skip_test_passed=False, packages_select=None, packages_skip=None, packages_select_regex=None, packages_skip_regex=None, packages_start=None, packages_end=None, allow_overriding=[], cmake_args=None, cmake_target=None, cmake_target_skip_unavailable=False, cmake_clean_cache=False, cmake_clean_first=False, cmake_force_configure=False, ament_cmake_args=None, catkin_cmake_args=None, catkin_skip_building_tests=False, verb_parser=<colcon_defaults.argument_parser.defaults.DefaultArgumentsDecorator object at 0x7f4737363df0>, verb_extension=<colcon_core.verb.build.BuildVerb object at 0x7f4736da5990>, main=<bound method BuildVerb.main of <colcon_core.verb.build.BuildVerb object at 0x7f4736da5990>>)
[1.930s] Level 1:colcon.colcon_core.package_discovery:discover_packages(colcon_meta) check parameters
[1.930s] Level 1:colcon.colcon_core.package_discovery:discover_packages(recursive) check parameters
[1.930s] Level 1:colcon.colcon_core.package_discovery:discover_packages(ignore) check parameters
[1.930s] Level 1:colcon.colcon_core.package_discovery:discover_packages(path) check parameters
[1.930s] Level 1:colcon.colcon_core.package_discovery:discover_packages(colcon_meta) discover
[1.930s] Level 1:colcon.colcon_core.package_discovery:discover_packages(recursive) discover
[1.930s] INFO:colcon.colcon_core.package_discovery:Crawling recursively for packages in '/home/robu/work/robu_kocran19_ws'
[1.930s] Level 1:colcon.colcon_core.package_identification:_identify(.) by extensions ['ignore', 'ignore_ament_install']
[1.930s] Level 1:colcon.colcon_core.package_identification:_identify(.) by extension 'ignore'
[1.930s] Level 1:colcon.colcon_core.package_identification:_identify(.) by extension 'ignore_ament_install'
[1.930s] Level 1:colcon.colcon_core.package_identification:_identify(.) by extensions ['colcon_pkg']
[1.930s] Level 1:colcon.colcon_core.package_identification:_identify(.) by extension 'colcon_pkg'
[1.931s] Level 1:colcon.colcon_core.package_identification:_identify(.) by extensions ['colcon_meta']
[1.931s] Level 1:colcon.colcon_core.package_identification:_identify(.) by extension 'colcon_meta'
[1.931s] Level 1:colcon.colcon_core.package_identification:_identify(.) by extensions ['ros']
[1.931s] Level 1:colcon.colcon_core.package_identification:_identify(.) by extension 'ros'
[1.950s] Level 1:colcon.colcon_core.package_identification:_identify(.) by extensions ['cmake', 'python']
[1.950s] Level 1:colcon.colcon_core.package_identification:_identify(.) by extension 'cmake'
[1.950s] Level 1:colcon.colcon_core.package_identification:_identify(.) by extension 'python'
[1.950s] Level 1:colcon.colcon_core.package_identification:_identify(.) by extensions ['python_setup_py']
[1.951s] Level 1:colcon.colcon_core.package_identification:_identify(.) by extension 'python_setup_py'
[1.951s] Level 1:colcon.colcon_core.package_identification:_identify(build) by extensions ['ignore', 'ignore_ament_install']
[1.951s] Level 1:colcon.colcon_core.package_identification:_identify(build) by extension 'ignore'
[1.951s] Level 1:colcon.colcon_core.package_identification:_identify(build) ignored
[1.951s] Level 1:colcon.colcon_core.package_identification:_identify(install) by extensions ['ignore', 'ignore_ament_install']
[1.951s] Level 1:colcon.colcon_core.package_identification:_identify(install) by extension 'ignore'
[1.951s] Level 1:colcon.colcon_core.package_identification:_identify(install) ignored
[1.951s] Level 1:colcon.colcon_core.package_identification:_identify(log) by extensions ['ignore', 'ignore_ament_install']
[1.951s] Level 1:colcon.colcon_core.package_identification:_identify(log) by extension 'ignore'
[1.952s] Level 1:colcon.colcon_core.package_identification:_identify(log) ignored
[1.952s] Level 1:colcon.colcon_core.package_identification:_identify(src) by extensions ['ignore', 'ignore_ament_install']
[1.952s] Level 1:colcon.colcon_core.package_identification:_identify(src) by extension 'ignore'
[1.952s] Level 1:colcon.colcon_core.package_identification:_identify(src) by extension 'ignore_ament_install'
[1.953s] Level 1:colcon.colcon_core.package_identification:_identify(src) by extensions ['colcon_pkg']
[1.953s] Level 1:colcon.colcon_core.package_identification:_identify(src) by extension 'colcon_pkg'
[1.953s] Level 1:colcon.colcon_core.package_identification:_identify(src) by extensions ['colcon_meta']
[1.953s] Level 1:colcon.colcon_core.package_identification:_identify(src) by extension 'colcon_meta'
[1.953s] Level 1:colcon.colcon_core.package_identification:_identify(src) by extensions ['ros']
[1.953s] Level 1:colcon.colcon_core.package_identification:_identify(src) by extension 'ros'
[1.953s] Level 1:colcon.colcon_core.package_identification:_identify(src) by extensions ['cmake', 'python']
[1.953s] Level 1:colcon.colcon_core.package_identification:_identify(src) by extension 'cmake'
[1.953s] Level 1:colcon.colcon_core.package_identification:_identify(src) by extension 'python'
[1.953s] Level 1:colcon.colcon_core.package_identification:_identify(src) by extensions ['python_setup_py']
[1.953s] Level 1:colcon.colcon_core.package_identification:_identify(src) by extension 'python_setup_py'
[1.956s] Level 1:colcon.colcon_core.package_identification:_identify(src/install) by extensions ['ignore', 'ignore_ament_install']
[1.956s] Level 1:colcon.colcon_core.package_identification:_identify(src/install) by extension 'ignore'
[1.956s] Level 1:colcon.colcon_core.package_identification:_identify(src/install) ignored
[1.957s] Level 1:colcon.colcon_core.package_identification:_identify(src/log) by extensions ['ignore', 'ignore_ament_install']
[1.957s] Level 1:colcon.colcon_core.package_identification:_identify(src/log) by extension 'ignore'
[1.957s] Level 1:colcon.colcon_core.package_identification:_identify(src/log) ignored
[1.958s] Level 1:colcon.colcon_core.package_identification:_identify(src/robu) by extensions ['ignore', 'ignore_ament_install']
[1.958s] Level 1:colcon.colcon_core.package_identification:_identify(src/robu) by extension 'ignore'
[1.958s] Level 1:colcon.colcon_core.package_identification:_identify(src/robu) by extension 'ignore_ament_install'
[1.958s] Level 1:colcon.colcon_core.package_identification:_identify(src/robu) by extensions ['colcon_pkg']
[1.958s] Level 1:colcon.colcon_core.package_identification:_identify(src/robu) by extension 'colcon_pkg'
[1.958s] Level 1:colcon.colcon_core.package_identification:_identify(src/robu) by extensions ['colcon_meta']
[1.958s] Level 1:colcon.colcon_core.package_identification:_identify(src/robu) by extension 'colcon_meta'
[1.958s] Level 1:colcon.colcon_core.package_identification:_identify(src/robu) by extensions ['ros']
[1.958s] Level 1:colcon.colcon_core.package_identification:_identify(src/robu) by extension 'ros'
[1.963s] DEBUG:colcon.colcon_core.package_identification:Package 'src/robu' with type 'ros.ament_python' and name 'robu'
[1.963s] Level 1:colcon.colcon_core.package_discovery:discover_packages(recursive) using defaults
[1.963s] Level 1:colcon.colcon_core.package_discovery:discover_packages(ignore) discover
[1.963s] Level 1:colcon.colcon_core.package_discovery:discover_packages(ignore) using defaults
[1.963s] Level 1:colcon.colcon_core.package_discovery:discover_packages(path) discover
[1.963s] Level 1:colcon.colcon_core.package_discovery:discover_packages(path) using defaults
[2.023s] Level 1:colcon.colcon_core.package_discovery:discover_packages(prefix_path) check parameters
[2.024s] Level 1:colcon.colcon_core.package_discovery:discover_packages(prefix_path) discover
[2.038s] DEBUG:colcon.colcon_installed_package_information.package_discovery:Found 17 installed packages in /home/robu/work/turtlebot3_ws/install
[2.042s] DEBUG:colcon.colcon_installed_package_information.package_discovery:Found 358 installed packages in /opt/ros/humble
[2.044s] Level 1:colcon.colcon_core.package_discovery:discover_packages(prefix_path) using defaults
[2.230s] Level 5:colcon.colcon_core.verb:set package 'robu' build argument 'cmake_args' from command line to 'None'
[2.230s] Level 5:colcon.colcon_core.verb:set package 'robu' build argument 'cmake_target' from command line to 'None'
[2.230s] Level 5:colcon.colcon_core.verb:set package 'robu' build argument 'cmake_target_skip_unavailable' from command line to 'False'
[2.230s] Level 5:colcon.colcon_core.verb:set package 'robu' build argument 'cmake_clean_cache' from command line to 'False'
[2.231s] Level 5:colcon.colcon_core.verb:set package 'robu' build argument 'cmake_clean_first' from command line to 'False'
[2.231s] Level 5:colcon.colcon_core.verb:set package 'robu' build argument 'cmake_force_configure' from command line to 'False'
[2.231s] Level 5:colcon.colcon_core.verb:set package 'robu' build argument 'ament_cmake_args' from command line to 'None'
[2.231s] Level 5:colcon.colcon_core.verb:set package 'robu' build argument 'catkin_cmake_args' from command line to 'None'
[2.231s] Level 5:colcon.colcon_core.verb:set package 'robu' build argument 'catkin_skip_building_tests' from command line to 'False'
[2.231s] DEBUG:colcon.colcon_core.verb:Building package 'robu' with the following arguments: {'ament_cmake_args': None, 'build_base': '/home/robu/work/robu_kocran19_ws/build/robu', 'catkin_cmake_args': None, 'catkin_skip_building_tests': False, 'cmake_args': None, 'cmake_clean_cache': False, 'cmake_clean_first': False, 'cmake_force_configure': False, 'cmake_target': None, 'cmake_target_skip_unavailable': False, 'install_base': '/home/robu/work/robu_kocran19_ws/install/robu', 'merge_install': False, 'path': '/home/robu/work/robu_kocran19_ws/src/robu', 'symlink_install': False, 'test_result_base': None}
[2.232s] INFO:colcon.colcon_core.executor:Executing jobs using 'parallel' executor
[2.236s] DEBUG:colcon.colcon_parallel_executor.executor.parallel:run_until_complete
[2.237s] INFO:colcon.colcon_ros.task.ament_python.build:Building ROS package in '/home/robu/work/robu_kocran19_ws/src/robu' with build type 'ament_python'
[2.237s] Level 1:colcon.colcon_core.shell:create_environment_hook('robu', 'ament_prefix_path')
[2.284s] INFO:colcon.colcon_core.plugin_system:Skipping extension 'colcon_core.shell.bat': Not used on non-Windows systems
[2.285s] INFO:colcon.colcon_core.shell:Creating environment hook '/home/robu/work/robu_kocran19_ws/install/robu/share/robu/hook/ament_prefix_path.ps1'
[2.288s] INFO:colcon.colcon_core.shell:Creating environment descriptor '/home/robu/work/robu_kocran19_ws/install/robu/share/robu/hook/ament_prefix_path.dsv'
[2.289s] INFO:colcon.colcon_core.shell:Creating environment hook '/home/robu/work/robu_kocran19_ws/install/robu/share/robu/hook/ament_prefix_path.sh'
[2.291s] INFO:colcon.colcon_core.shell:Skip shell extension 'powershell' for command environment: Not usable outside of PowerShell
[2.291s] DEBUG:colcon.colcon_core.shell:Skip shell extension 'dsv' for command environment
[2.846s] INFO:colcon.colcon_core.task.python.build:Building Python package in '/home/robu/work/robu_kocran19_ws/src/robu'
[2.849s] INFO:colcon.colcon_core.shell:Skip shell extension 'powershell' for command environment: Not usable outside of PowerShell
[2.849s] DEBUG:colcon.colcon_core.shell:Skip shell extension 'dsv' for command environment
[3.648s] DEBUG:colcon.colcon_core.event_handler.log_command:Invoking command in '/home/robu/work/robu_kocran19_ws/src/robu': PYTHONPATH=/home/robu/work/robu_kocran19_ws/build/robu/prefix_override:/home/robu/work/robu_kocran19_ws/install/robu/lib/python3.10/site-packages:${PYTHONPATH} /usr/bin/python3 setup.py egg_info --egg-base ../../build/robu build --build-base /home/robu/work/robu_kocran19_ws/build/robu/build install --record /home/robu/work/robu_kocran19_ws/build/robu/install.log --single-version-externally-managed
[4.260s] DEBUG:colcon.colcon_core.event_handler.log_command:Invoked command in '/home/robu/work/robu_kocran19_ws/src/robu' returned '0': PYTHONPATH=/home/robu/work/robu_kocran19_ws/build/robu/prefix_override:/home/robu/work/robu_kocran19_ws/install/robu/lib/python3.10/site-packages:${PYTHONPATH} /usr/bin/python3 setup.py egg_info --egg-base ../../build/robu build --build-base /home/robu/work/robu_kocran19_ws/build/robu/build install --record /home/robu/work/robu_kocran19_ws/build/robu/install.log --single-version-externally-managed
[4.272s] Level 1:colcon.colcon_core.environment:checking '/home/robu/work/robu_kocran19_ws/install/robu' for CMake module files
[4.273s] Level 1:colcon.colcon_core.environment:checking '/home/robu/work/robu_kocran19_ws/install/robu' for CMake config files
[4.277s] Level 1:colcon.colcon_core.environment:checking '/home/robu/work/robu_kocran19_ws/install/robu/lib'
[4.278s] Level 1:colcon.colcon_core.environment:checking '/home/robu/work/robu_kocran19_ws/install/robu/bin'
[4.278s] Level 1:colcon.colcon_core.environment:checking '/home/robu/work/robu_kocran19_ws/install/robu/lib/pkgconfig/robu.pc'
[4.278s] Level 1:colcon.colcon_core.environment:checking '/home/robu/work/robu_kocran19_ws/install/robu/lib/python3.10/site-packages'
[4.278s] Level 1:colcon.colcon_core.shell:create_environment_hook('robu', 'pythonpath')
[4.282s] INFO:colcon.colcon_core.shell:Creating environment hook '/home/robu/work/robu_kocran19_ws/install/robu/share/robu/hook/pythonpath.ps1'
[4.283s] INFO:colcon.colcon_core.shell:Creating environment descriptor '/home/robu/work/robu_kocran19_ws/install/robu/share/robu/hook/pythonpath.dsv'
[4.284s] INFO:colcon.colcon_core.shell:Creating environment hook '/home/robu/work/robu_kocran19_ws/install/robu/share/robu/hook/pythonpath.sh'
[4.285s] Level 1:colcon.colcon_core.environment:checking '/home/robu/work/robu_kocran19_ws/install/robu/bin'
[4.285s] Level 1:colcon.colcon_core.environment:create_environment_scripts_only(robu)
[4.286s] INFO:colcon.colcon_core.shell:Creating package script '/home/robu/work/robu_kocran19_ws/install/robu/share/robu/package.ps1'
[4.298s] INFO:colcon.colcon_core.shell:Creating package descriptor '/home/robu/work/robu_kocran19_ws/install/robu/share/robu/package.dsv'
[4.299s] INFO:colcon.colcon_core.shell:Creating package script '/home/robu/work/robu_kocran19_ws/install/robu/share/robu/package.sh'
[4.301s] INFO:colcon.colcon_core.shell:Creating package script '/home/robu/work/robu_kocran19_ws/install/robu/share/robu/package.bash'
[4.303s] INFO:colcon.colcon_core.shell:Creating package script '/home/robu/work/robu_kocran19_ws/install/robu/share/robu/package.zsh'
[4.305s] Level 1:colcon.colcon_core.environment:create_file_with_runtime_dependencies(/home/robu/work/robu_kocran19_ws/install/robu/share/colcon-core/packages/robu)
[4.306s] DEBUG:colcon.colcon_parallel_executor.executor.parallel:closing loop
[4.306s] DEBUG:colcon.colcon_parallel_executor.executor.parallel:loop closed
[4.306s] DEBUG:colcon.colcon_parallel_executor.executor.parallel:run_until_complete finished with '0'
[4.306s] DEBUG:colcon.colcon_core.event_reactor:joining thread
[4.323s] INFO:colcon.colcon_core.plugin_system:Skipping extension 'colcon_notification.desktop_notification.terminal_notifier': Not used on non-Darwin systems
[4.323s] INFO:colcon.colcon_core.plugin_system:Skipping extension 'colcon_notification.desktop_notification.win32': Not used on non-Windows systems
[4.323s] INFO:colcon.colcon_notification.desktop_notification:Sending desktop notification using 'notify2'
[4.391s] DEBUG:colcon.colcon_core.event_reactor:joined thread
[4.393s] INFO:colcon.colcon_core.shell:Creating prefix script '/home/robu/work/robu_kocran19_ws/install/local_setup.ps1'
[4.395s] INFO:colcon.colcon_core.shell:Creating prefix util module '/home/robu/work/robu_kocran19_ws/install/_local_setup_util_ps1.py'
[4.397s] INFO:colcon.colcon_core.shell:Creating prefix chain script '/home/robu/work/robu_kocran19_ws/install/setup.ps1'
[4.406s] INFO:colcon.colcon_core.shell:Creating prefix script '/home/robu/work/robu_kocran19_ws/install/local_setup.sh'
[4.407s] INFO:colcon.colcon_core.shell:Creating prefix util module '/home/robu/work/robu_kocran19_ws/install/_local_setup_util_sh.py'
[4.408s] INFO:colcon.colcon_core.shell:Creating prefix chain script '/home/robu/work/robu_kocran19_ws/install/setup.sh'
[4.412s] INFO:colcon.colcon_core.shell:Creating prefix script '/home/robu/work/robu_kocran19_ws/install/local_setup.bash'
[4.418s] INFO:colcon.colcon_core.shell:Creating prefix chain script '/home/robu/work/robu_kocran19_ws/install/setup.bash'
[4.423s] INFO:colcon.colcon_core.shell:Creating prefix script '/home/robu/work/robu_kocran19_ws/install/local_setup.zsh'
[4.424s] INFO:colcon.colcon_core.shell:Creating prefix chain script '/home/robu/work/robu_kocran19_ws/install/setup.zsh'
