[1.150s] Invoking command in '/home/robu/work/robu_kocran19_ws/src/robu': PYTHONPATH=/home/robu/work/robu_kocran19_ws/build/robu/prefix_override:/home/robu/work/robu_kocran19_ws/install/robu/lib/python3.10/site-packages:${PYTHONPATH} /usr/bin/python3 setup.py egg_info --egg-base ../../build/robu build --build-base /home/robu/work/robu_kocran19_ws/build/robu/build install --record /home/robu/work/robu_kocran19_ws/build/robu/install.log --single-version-externally-managed
[1.617s] running egg_info
[1.618s] writing ../../build/robu/robu.egg-info/PKG-INFO
[1.619s] writing dependency_links to ../../build/robu/robu.egg-info/dependency_links.txt
[1.620s] writing entry points to ../../build/robu/robu.egg-info/entry_points.txt
[1.621s] writing requirements to ../../build/robu/robu.egg-info/requires.txt
[1.621s] writing top-level names to ../../build/robu/robu.egg-info/top_level.txt
[1.625s] reading manifest file '../../build/robu/robu.egg-info/SOURCES.txt'
[1.627s] writing manifest file '../../build/robu/robu.egg-info/SOURCES.txt'
[1.628s] running build
[1.628s] running build_py
[1.630s] running install
[1.631s] running install_lib
[1.634s] running install_data
[1.635s] running install_egg_info
[1.638s] removing '/home/robu/work/robu_kocran19_ws/install/robu/lib/python3.10/site-packages/robu-0.0.0-py3.10.egg-info' (and everything under it)
[1.641s] Copying ../../build/robu/robu.egg-info to /home/robu/work/robu_kocran19_ws/install/robu/lib/python3.10/site-packages/robu-0.0.0-py3.10.egg-info
[1.649s] running install_scripts
[1.678s] Installing myparameter script to /home/robu/work/robu_kocran19_ws/install/robu/lib/robu
[1.679s] Installing mypublisher script to /home/robu/work/robu_kocran19_ws/install/robu/lib/robu
[1.681s] Installing mysubscriber script to /home/robu/work/robu_kocran19_ws/install/robu/lib/robu
[1.682s] Installing wallfollower script to /home/robu/work/robu_kocran19_ws/install/robu/lib/robu
[1.684s] writing list of installed files to '/home/robu/work/robu_kocran19_ws/build/robu/install.log'
[1.741s] Invoked command in '/home/robu/work/robu_kocran19_ws/src/robu' returned '0': PYTHONPATH=/home/robu/work/robu_kocran19_ws/build/robu/prefix_override:/home/robu/work/robu_kocran19_ws/install/robu/lib/python3.10/site-packages:${PYTHONPATH} /usr/bin/python3 setup.py egg_info --egg-base ../../build/robu build --build-base /home/robu/work/robu_kocran19_ws/build/robu/build install --record /home/robu/work/robu_kocran19_ws/build/robu/install.log --single-version-externally-managed
