[1.016s] Invoking command in '/home/robu/work/robu_kocran19_ws/src/robu': PYTHONPATH=/home/robu/work/robu_kocran19_ws/build/robu/prefix_override:/home/robu/work/robu_kocran19_ws/install/robu/lib/python3.10/site-packages:${PYTHONPATH} /usr/bin/python3 setup.py egg_info --egg-base ../../build/robu build --build-base /home/robu/work/robu_kocran19_ws/build/robu/build install --record /home/robu/work/robu_kocran19_ws/build/robu/install.log --single-version-externally-managed
[1.429s] running egg_info
[1.430s] writing ../../build/robu/robu.egg-info/PKG-INFO
[1.431s] writing dependency_links to ../../build/robu/robu.egg-info/dependency_links.txt
[1.432s] writing entry points to ../../build/robu/robu.egg-info/entry_points.txt
[1.433s] writing requirements to ../../build/robu/robu.egg-info/requires.txt
[1.433s] writing top-level names to ../../build/robu/robu.egg-info/top_level.txt
[1.441s] reading manifest file '../../build/robu/robu.egg-info/SOURCES.txt'
[1.441s] writing manifest file '../../build/robu/robu.egg-info/SOURCES.txt'
[1.441s] running build
[1.441s] running build_py
[1.442s] copying robu/ex11_parameter.py -> /home/robu/work/robu_kocran19_ws/build/robu/build/lib/robu
[1.443s] running install
[1.444s] running install_lib
[1.446s] copying /home/robu/work/robu_kocran19_ws/build/robu/build/lib/robu/ex11_parameter.py -> /home/robu/work/robu_kocran19_ws/install/robu/lib/python3.10/site-packages/robu
[1.448s] byte-compiling /home/robu/work/robu_kocran19_ws/install/robu/lib/python3.10/site-packages/robu/ex11_parameter.py to ex11_parameter.cpython-310.pyc
[1.450s] running install_data
[1.451s] running install_egg_info
[1.453s] removing '/home/robu/work/robu_kocran19_ws/install/robu/lib/python3.10/site-packages/robu-0.0.0-py3.10.egg-info' (and everything under it)
[1.470s] Copying ../../build/robu/robu.egg-info to /home/robu/work/robu_kocran19_ws/install/robu/lib/python3.10/site-packages/robu-0.0.0-py3.10.egg-info
[1.470s] running install_scripts
[1.499s] Installing mypublisher script to /home/robu/work/robu_kocran19_ws/install/robu/lib/robu
[1.500s] Installing mysubscriber = robu.subscriber_member_function:mainmyparameter script to /home/robu/work/robu_kocran19_ws/install/robu/lib/robu
[1.501s] Installing wallfollower script to /home/robu/work/robu_kocran19_ws/install/robu/lib/robu
[1.503s] writing list of installed files to '/home/robu/work/robu_kocran19_ws/build/robu/install.log'
[1.538s] Invoked command in '/home/robu/work/robu_kocran19_ws/src/robu' returned '0': PYTHONPATH=/home/robu/work/robu_kocran19_ws/build/robu/prefix_override:/home/robu/work/robu_kocran19_ws/install/robu/lib/python3.10/site-packages:${PYTHONPATH} /usr/bin/python3 setup.py egg_info --egg-base ../../build/robu build --build-base /home/robu/work/robu_kocran19_ws/build/robu/build install --record /home/robu/work/robu_kocran19_ws/build/robu/install.log --single-version-externally-managed
