[1.433s] Invoking command in '/home/robu/work/robu_kocran19_ws/src/robu': PYTHONPATH=/home/robu/work/robu_kocran19_ws/build/robu/prefix_override:/home/robu/work/robu_kocran19_ws/install/robu/lib/python3.10/site-packages:${PYTHONPATH} /usr/bin/python3 setup.py egg_info --egg-base ../../build/robu build --build-base /home/robu/work/robu_kocran19_ws/build/robu/build install --record /home/robu/work/robu_kocran19_ws/build/robu/install.log --single-version-externally-managed
[1.943s] running egg_info
[1.945s] writing ../../build/robu/robu.egg-info/PKG-INFO
[1.947s] writing dependency_links to ../../build/robu/robu.egg-info/dependency_links.txt
[1.948s] writing entry points to ../../build/robu/robu.egg-info/entry_points.txt
[1.949s] writing requirements to ../../build/robu/robu.egg-info/requires.txt
[1.950s] writing top-level names to ../../build/robu/robu.egg-info/top_level.txt
[1.954s] reading manifest file '../../build/robu/robu.egg-info/SOURCES.txt'
[1.955s] writing manifest file '../../build/robu/robu.egg-info/SOURCES.txt'
[1.957s] running build
[1.958s] running build_py
[1.959s] running install
[1.960s] running install_lib
[1.962s] running install_data
[1.963s] running install_egg_info
[1.967s] removing '/home/robu/work/robu_kocran19_ws/install/robu/lib/python3.10/site-packages/robu-0.0.0-py3.10.egg-info' (and everything under it)
[1.982s] Copying ../../build/robu/robu.egg-info to /home/robu/work/robu_kocran19_ws/install/robu/lib/python3.10/site-packages/robu-0.0.0-py3.10.egg-info
[1.992s] running install_scripts
[2.027s] Installing myparameter script to /home/robu/work/robu_kocran19_ws/install/robu/lib/robu
[2.028s] Installing mypublisher script to /home/robu/work/robu_kocran19_ws/install/robu/lib/robu
[2.030s] Installing mysubscriber script to /home/robu/work/robu_kocran19_ws/install/robu/lib/robu
[2.031s] Installing wallfollower script to /home/robu/work/robu_kocran19_ws/install/robu/lib/robu
[2.033s] writing list of installed files to '/home/robu/work/robu_kocran19_ws/build/robu/install.log'
[2.100s] Invoked command in '/home/robu/work/robu_kocran19_ws/src/robu' returned '0': PYTHONPATH=/home/robu/work/robu_kocran19_ws/build/robu/prefix_override:/home/robu/work/robu_kocran19_ws/install/robu/lib/python3.10/site-packages:${PYTHONPATH} /usr/bin/python3 setup.py egg_info --egg-base ../../build/robu build --build-base /home/robu/work/robu_kocran19_ws/build/robu/build install --record /home/robu/work/robu_kocran19_ws/build/robu/install.log --single-version-externally-managed
