[1.106s] Invoking command in '/home/robu/work/robu_kocran19_ws/src/robu': PYTHONPATH=/home/robu/work/robu_kocran19_ws/build/robu/prefix_override:/home/robu/work/robu_kocran19_ws/install/robu/lib/python3.10/site-packages:${PYTHONPATH} /usr/bin/python3 setup.py egg_info --egg-base ../../build/robu build --build-base /home/robu/work/robu_kocran19_ws/build/robu/build install --record /home/robu/work/robu_kocran19_ws/build/robu/install.log --single-version-externally-managed
[1.497s] running egg_info
[1.499s] writing ../../build/robu/robu.egg-info/PKG-INFO
[1.500s] writing dependency_links to ../../build/robu/robu.egg-info/dependency_links.txt
[1.501s] writing entry points to ../../build/robu/robu.egg-info/entry_points.txt
[1.502s] writing requirements to ../../build/robu/robu.egg-info/requires.txt
[1.503s] writing top-level names to ../../build/robu/robu.egg-info/top_level.txt
[1.507s] reading manifest file '../../build/robu/robu.egg-info/SOURCES.txt'
[1.508s] writing manifest file '../../build/robu/robu.egg-info/SOURCES.txt'
[1.509s] running build
[1.510s] running build_py
[1.511s] copying robu/ex11_parameter.py -> /home/robu/work/robu_kocran19_ws/build/robu/build/lib/robu
[1.513s] running install
[1.514s] running install_lib
[1.516s] copying /home/robu/work/robu_kocran19_ws/build/robu/build/lib/robu/ex11_parameter.py -> /home/robu/work/robu_kocran19_ws/install/robu/lib/python3.10/site-packages/robu
[1.518s] byte-compiling /home/robu/work/robu_kocran19_ws/install/robu/lib/python3.10/site-packages/robu/ex11_parameter.py to ex11_parameter.cpython-310.pyc
[1.520s] running install_data
[1.521s] running install_egg_info
[1.524s] removing '/home/robu/work/robu_kocran19_ws/install/robu/lib/python3.10/site-packages/robu-0.0.0-py3.10.egg-info' (and everything under it)
[1.527s] Copying ../../build/robu/robu.egg-info to /home/robu/work/robu_kocran19_ws/install/robu/lib/python3.10/site-packages/robu-0.0.0-py3.10.egg-info
[1.534s] running install_scripts
[1.563s] Installing myparameter script to /home/robu/work/robu_kocran19_ws/install/robu/lib/robu
[1.564s] Installing mypublisher script to /home/robu/work/robu_kocran19_ws/install/robu/lib/robu
[1.566s] Installing mysubscriber script to /home/robu/work/robu_kocran19_ws/install/robu/lib/robu
[1.567s] Installing wallfollower script to /home/robu/work/robu_kocran19_ws/install/robu/lib/robu
[1.569s] writing list of installed files to '/home/robu/work/robu_kocran19_ws/build/robu/install.log'
[1.617s] Invoked command in '/home/robu/work/robu_kocran19_ws/src/robu' returned '0': PYTHONPATH=/home/robu/work/robu_kocran19_ws/build/robu/prefix_override:/home/robu/work/robu_kocran19_ws/install/robu/lib/python3.10/site-packages:${PYTHONPATH} /usr/bin/python3 setup.py egg_info --egg-base ../../build/robu build --build-base /home/robu/work/robu_kocran19_ws/build/robu/build install --record /home/robu/work/robu_kocran19_ws/build/robu/install.log --single-version-externally-managed
