[1.101s] Invoking command in '/home/robu/work/robu_kocran19_ws/src/robu': PYTHONPATH=/home/robu/work/robu_kocran19_ws/build/robu/prefix_override:/home/robu/work/robu_kocran19_ws/install/robu/lib/python3.10/site-packages:${PYTHONPATH} /usr/bin/python3 setup.py egg_info --egg-base ../../build/robu build --build-base /home/robu/work/robu_kocran19_ws/build/robu/build install --record /home/robu/work/robu_kocran19_ws/build/robu/install.log --single-version-externally-managed
[1.462s] running egg_info
[1.463s] writing ../../build/robu/robu.egg-info/PKG-INFO
[1.464s] writing dependency_links to ../../build/robu/robu.egg-info/dependency_links.txt
[1.465s] writing entry points to ../../build/robu/robu.egg-info/entry_points.txt
[1.465s] writing requirements to ../../build/robu/robu.egg-info/requires.txt
[1.466s] writing top-level names to ../../build/robu/robu.egg-info/top_level.txt
[1.472s] reading manifest file '../../build/robu/robu.egg-info/SOURCES.txt'
[1.473s] writing manifest file '../../build/robu/robu.egg-info/SOURCES.txt'
[1.474s] running build
[1.475s] running build_py
[1.475s] copying robu/ex11_parameter.py -> /home/robu/work/robu_kocran19_ws/build/robu/build/lib/robu
[1.476s] running install
[1.476s] running install_lib
[1.478s] copying /home/robu/work/robu_kocran19_ws/build/robu/build/lib/robu/ex11_parameter.py -> /home/robu/work/robu_kocran19_ws/install/robu/lib/python3.10/site-packages/robu
[1.479s] byte-compiling /home/robu/work/robu_kocran19_ws/install/robu/lib/python3.10/site-packages/robu/ex11_parameter.py to ex11_parameter.cpython-310.pyc
[1.480s] running install_data
[1.481s] running install_egg_info
[1.483s] removing '/home/robu/work/robu_kocran19_ws/install/robu/lib/python3.10/site-packages/robu-0.0.0-py3.10.egg-info' (and everything under it)
[1.490s] Copying ../../build/robu/robu.egg-info to /home/robu/work/robu_kocran19_ws/install/robu/lib/python3.10/site-packages/robu-0.0.0-py3.10.egg-info
[1.492s] running install_scripts
[1.516s] Installing myparameter script to /home/robu/work/robu_kocran19_ws/install/robu/lib/robu
[1.517s] Installing mypublisher script to /home/robu/work/robu_kocran19_ws/install/robu/lib/robu
[1.518s] Installing mysubscriber script to /home/robu/work/robu_kocran19_ws/install/robu/lib/robu
[1.518s] Installing wallfollower script to /home/robu/work/robu_kocran19_ws/install/robu/lib/robu
[1.519s] writing list of installed files to '/home/robu/work/robu_kocran19_ws/build/robu/install.log'
[1.565s] Invoked command in '/home/robu/work/robu_kocran19_ws/src/robu' returned '0': PYTHONPATH=/home/robu/work/robu_kocran19_ws/build/robu/prefix_override:/home/robu/work/robu_kocran19_ws/install/robu/lib/python3.10/site-packages:${PYTHONPATH} /usr/bin/python3 setup.py egg_info --egg-base ../../build/robu build --build-base /home/robu/work/robu_kocran19_ws/build/robu/build install --record /home/robu/work/robu_kocran19_ws/build/robu/install.log --single-version-externally-managed
