[1.652s] Invoking command in '/home/robu/work/robu_kocran19_ws/src/robu': PYTHONPATH=/home/robu/work/robu_kocran19_ws/build/robu/prefix_override:/home/robu/work/robu_kocran19_ws/install/robu/lib/python3.10/site-packages:${PYTHONPATH} /usr/bin/python3 setup.py egg_info --egg-base ../../build/robu build --build-base /home/robu/work/robu_kocran19_ws/build/robu/build install --record /home/robu/work/robu_kocran19_ws/build/robu/install.log --single-version-externally-managed
[2.218s] running egg_info
[2.219s] writing ../../build/robu/robu.egg-info/PKG-INFO
[2.219s] writing dependency_links to ../../build/robu/robu.egg-info/dependency_links.txt
[2.220s] writing entry points to ../../build/robu/robu.egg-info/entry_points.txt
[2.220s] writing requirements to ../../build/robu/robu.egg-info/requires.txt
[2.221s] writing top-level names to ../../build/robu/robu.egg-info/top_level.txt
[2.223s] reading manifest file '../../build/robu/robu.egg-info/SOURCES.txt'
[2.224s] writing manifest file '../../build/robu/robu.egg-info/SOURCES.txt'
[2.225s] running build
[2.225s] running build_py
[2.226s] running install
[2.226s] running install_lib
[2.228s] running install_data
[2.229s] running install_egg_info
[2.231s] removing '/home/robu/work/robu_kocran19_ws/install/robu/lib/python3.10/site-packages/robu-0.0.0-py3.10.egg-info' (and everything under it)
[2.233s] Copying ../../build/robu/robu.egg-info to /home/robu/work/robu_kocran19_ws/install/robu/lib/python3.10/site-packages/robu-0.0.0-py3.10.egg-info
[2.233s] running install_scripts
[2.283s] Installing mypublisher script to /home/robu/work/robu_kocran19_ws/install/robu/lib/robu
[2.284s] Installing mysubscriber script to /home/robu/work/robu_kocran19_ws/install/robu/lib/robu
[2.284s] Installing wallfollower script to /home/robu/work/robu_kocran19_ws/install/robu/lib/robu
[2.285s] writing list of installed files to '/home/robu/work/robu_kocran19_ws/build/robu/install.log'
[2.337s] Invoked command in '/home/robu/work/robu_kocran19_ws/src/robu' returned '0': PYTHONPATH=/home/robu/work/robu_kocran19_ws/build/robu/prefix_override:/home/robu/work/robu_kocran19_ws/install/robu/lib/python3.10/site-packages:${PYTHONPATH} /usr/bin/python3 setup.py egg_info --egg-base ../../build/robu build --build-base /home/robu/work/robu_kocran19_ws/build/robu/build install --record /home/robu/work/robu_kocran19_ws/build/robu/install.log --single-version-externally-managed
