[2.221s] DEBUG:colcon:Command line arguments: ['/usr/bin/colcon', 'list', '-p', '--base-paths', '/home/robu/work/robu_kocran19_ws']
[2.221s] DEBUG:colcon:Parsed command line arguments: Namespace(log_base=None, log_level=None, verb_name='list', build_base='build', ignore_user_meta=False, metas=['./colcon.meta'], base_paths=['/home/robu/work/robu_kocran19_ws'], packages_ignore=None, packages_ignore_regex=None, paths=None, packages_up_to=None, packages_up_to_regex=None, packages_above=None, packages_above_and_dependencies=None, packages_above_depth=None, packages_select_by_dep=None, packages_skip_by_dep=None, packages_skip_up_to=None, packages_select_build_failed=False, packages_skip_build_finished=False, packages_select_test_failures=False, packages_skip_test_passed=False, packages_select=None, packages_skip=None, packages_select_regex=None, packages_skip_regex=None, packages_start=None, packages_end=None, allow_overriding=[], topological_order=False, names_only=False, paths_only=True, topological_graph=False, topological_graph_dot=False, topological_graph_density=False, topological_graph_legend=False, topological_graph_dot_cluster=False, topological_graph_dot_include_skipped=False, verb_parser=<colcon_defaults.argument_parser.defaults.DefaultArgumentsDecorator object at 0x7f92cc598400>, verb_extension=<colcon_package_information.verb.list.ListVerb object at 0x7f92cc598910>, main=<bound method ListVerb.main of <colcon_package_information.verb.list.ListVerb object at 0x7f92cc598910>>)
[2.414s] Level 1:colcon.colcon_core.package_discovery:discover_packages(colcon_meta) check parameters
[2.415s] Level 1:colcon.colcon_core.package_discovery:discover_packages(recursive) check parameters
[2.415s] Level 1:colcon.colcon_core.package_discovery:discover_packages(ignore) check parameters
[2.415s] Level 1:colcon.colcon_core.package_discovery:discover_packages(path) check parameters
[2.415s] Level 1:colcon.colcon_core.package_discovery:discover_packages(recursive) discover
[2.415s] INFO:colcon.colcon_core.package_discovery:Crawling recursively for packages in '/home/robu/work/robu_kocran19_ws'
[2.415s] Level 1:colcon.colcon_core.package_identification:_identify(/home/robu/work/robu_kocran19_ws) by extensions ['ignore', 'ignore_ament_install']
[2.415s] Level 1:colcon.colcon_core.package_identification:_identify(/home/robu/work/robu_kocran19_ws) by extension 'ignore'
[2.415s] Level 1:colcon.colcon_core.package_identification:_identify(/home/robu/work/robu_kocran19_ws) by extension 'ignore_ament_install'
[2.415s] Level 1:colcon.colcon_core.package_identification:_identify(/home/robu/work/robu_kocran19_ws) by extensions ['colcon_pkg']
[2.415s] Level 1:colcon.colcon_core.package_identification:_identify(/home/robu/work/robu_kocran19_ws) by extension 'colcon_pkg'
[2.415s] Level 1:colcon.colcon_core.package_identification:_identify(/home/robu/work/robu_kocran19_ws) by extensions ['colcon_meta']
[2.415s] Level 1:colcon.colcon_core.package_identification:_identify(/home/robu/work/robu_kocran19_ws) by extension 'colcon_meta'
[2.415s] Level 1:colcon.colcon_core.package_identification:_identify(/home/robu/work/robu_kocran19_ws) by extensions ['ros']
[2.415s] Level 1:colcon.colcon_core.package_identification:_identify(/home/robu/work/robu_kocran19_ws) by extension 'ros'
[2.473s] Level 1:colcon.colcon_core.package_identification:_identify(/home/robu/work/robu_kocran19_ws) by extensions ['cmake', 'python']
[2.473s] Level 1:colcon.colcon_core.package_identification:_identify(/home/robu/work/robu_kocran19_ws) by extension 'cmake'
[2.473s] Level 1:colcon.colcon_core.package_identification:_identify(/home/robu/work/robu_kocran19_ws) by extension 'python'
[2.473s] Level 1:colcon.colcon_core.package_identification:_identify(/home/robu/work/robu_kocran19_ws) by extensions ['python_setup_py']
[2.473s] Level 1:colcon.colcon_core.package_identification:_identify(/home/robu/work/robu_kocran19_ws) by extension 'python_setup_py'
[2.473s] Level 1:colcon.colcon_core.package_identification:_identify(/home/robu/work/robu_kocran19_ws/install) by extensions ['ignore', 'ignore_ament_install']
[2.473s] Level 1:colcon.colcon_core.package_identification:_identify(/home/robu/work/robu_kocran19_ws/install) by extension 'ignore'
[2.474s] Level 1:colcon.colcon_core.package_identification:_identify(/home/robu/work/robu_kocran19_ws/install) ignored
[2.474s] Level 1:colcon.colcon_core.package_identification:_identify(/home/robu/work/robu_kocran19_ws/log) by extensions ['ignore', 'ignore_ament_install']
[2.474s] Level 1:colcon.colcon_core.package_identification:_identify(/home/robu/work/robu_kocran19_ws/log) by extension 'ignore'
[2.474s] Level 1:colcon.colcon_core.package_identification:_identify(/home/robu/work/robu_kocran19_ws/log) ignored
[2.474s] Level 1:colcon.colcon_core.package_identification:_identify(/home/robu/work/robu_kocran19_ws/robu_kocran19_ws) by extensions ['ignore', 'ignore_ament_install']
[2.474s] Level 1:colcon.colcon_core.package_identification:_identify(/home/robu/work/robu_kocran19_ws/robu_kocran19_ws) by extension 'ignore'
[2.474s] Level 1:colcon.colcon_core.package_identification:_identify(/home/robu/work/robu_kocran19_ws/robu_kocran19_ws) by extension 'ignore_ament_install'
[2.474s] Level 1:colcon.colcon_core.package_identification:_identify(/home/robu/work/robu_kocran19_ws/robu_kocran19_ws) by extensions ['colcon_pkg']
[2.474s] Level 1:colcon.colcon_core.package_identification:_identify(/home/robu/work/robu_kocran19_ws/robu_kocran19_ws) by extension 'colcon_pkg'
[2.474s] Level 1:colcon.colcon_core.package_identification:_identify(/home/robu/work/robu_kocran19_ws/robu_kocran19_ws) by extensions ['colcon_meta']
[2.474s] Level 1:colcon.colcon_core.package_identification:_identify(/home/robu/work/robu_kocran19_ws/robu_kocran19_ws) by extension 'colcon_meta'
[2.474s] Level 1:colcon.colcon_core.package_identification:_identify(/home/robu/work/robu_kocran19_ws/robu_kocran19_ws) by extensions ['ros']
[2.474s] Level 1:colcon.colcon_core.package_identification:_identify(/home/robu/work/robu_kocran19_ws/robu_kocran19_ws) by extension 'ros'
[2.475s] Level 1:colcon.colcon_core.package_identification:_identify(/home/robu/work/robu_kocran19_ws/robu_kocran19_ws) by extensions ['cmake', 'python']
[2.475s] Level 1:colcon.colcon_core.package_identification:_identify(/home/robu/work/robu_kocran19_ws/robu_kocran19_ws) by extension 'cmake'
[2.475s] Level 1:colcon.colcon_core.package_identification:_identify(/home/robu/work/robu_kocran19_ws/robu_kocran19_ws) by extension 'python'
[2.475s] Level 1:colcon.colcon_core.package_identification:_identify(/home/robu/work/robu_kocran19_ws/robu_kocran19_ws) by extensions ['python_setup_py']
[2.475s] Level 1:colcon.colcon_core.package_identification:_identify(/home/robu/work/robu_kocran19_ws/robu_kocran19_ws) by extension 'python_setup_py'
[2.475s] Level 1:colcon.colcon_core.package_identification:_identify(/home/robu/work/robu_kocran19_ws/robu_kocran19_ws/src) by extensions ['ignore', 'ignore_ament_install']
[2.475s] Level 1:colcon.colcon_core.package_identification:_identify(/home/robu/work/robu_kocran19_ws/robu_kocran19_ws/src) by extension 'ignore'
[2.475s] Level 1:colcon.colcon_core.package_identification:_identify(/home/robu/work/robu_kocran19_ws/robu_kocran19_ws/src) by extension 'ignore_ament_install'
[2.475s] Level 1:colcon.colcon_core.package_identification:_identify(/home/robu/work/robu_kocran19_ws/robu_kocran19_ws/src) by extensions ['colcon_pkg']
[2.475s] Level 1:colcon.colcon_core.package_identification:_identify(/home/robu/work/robu_kocran19_ws/robu_kocran19_ws/src) by extension 'colcon_pkg'
[2.475s] Level 1:colcon.colcon_core.package_identification:_identify(/home/robu/work/robu_kocran19_ws/robu_kocran19_ws/src) by extensions ['colcon_meta']
[2.475s] Level 1:colcon.colcon_core.package_identification:_identify(/home/robu/work/robu_kocran19_ws/robu_kocran19_ws/src) by extension 'colcon_meta'
[2.475s] Level 1:colcon.colcon_core.package_identification:_identify(/home/robu/work/robu_kocran19_ws/robu_kocran19_ws/src) by extensions ['ros']
[2.475s] Level 1:colcon.colcon_core.package_identification:_identify(/home/robu/work/robu_kocran19_ws/robu_kocran19_ws/src) by extension 'ros'
[2.476s] Level 1:colcon.colcon_core.package_identification:_identify(/home/robu/work/robu_kocran19_ws/robu_kocran19_ws/src) by extensions ['cmake', 'python']
[2.476s] Level 1:colcon.colcon_core.package_identification:_identify(/home/robu/work/robu_kocran19_ws/robu_kocran19_ws/src) by extension 'cmake'
[2.476s] Level 1:colcon.colcon_core.package_identification:_identify(/home/robu/work/robu_kocran19_ws/robu_kocran19_ws/src) by extension 'python'
[2.476s] Level 1:colcon.colcon_core.package_identification:_identify(/home/robu/work/robu_kocran19_ws/robu_kocran19_ws/src) by extensions ['python_setup_py']
[2.476s] Level 1:colcon.colcon_core.package_identification:_identify(/home/robu/work/robu_kocran19_ws/robu_kocran19_ws/src) by extension 'python_setup_py'
[2.476s] Level 1:colcon.colcon_core.package_identification:_identify(/home/robu/work/robu_kocran19_ws/robu_kocran19_ws/src/robu) by extensions ['ignore', 'ignore_ament_install']
[2.476s] Level 1:colcon.colcon_core.package_identification:_identify(/home/robu/work/robu_kocran19_ws/robu_kocran19_ws/src/robu) by extension 'ignore'
[2.478s] Level 1:colcon.colcon_core.package_identification:_identify(/home/robu/work/robu_kocran19_ws/robu_kocran19_ws/src/robu) by extension 'ignore_ament_install'
[2.479s] Level 1:colcon.colcon_core.package_identification:_identify(/home/robu/work/robu_kocran19_ws/robu_kocran19_ws/src/robu) by extensions ['colcon_pkg']
[2.481s] Level 1:colcon.colcon_core.package_identification:_identify(/home/robu/work/robu_kocran19_ws/robu_kocran19_ws/src/robu) by extension 'colcon_pkg'
[2.482s] Level 1:colcon.colcon_core.package_identification:_identify(/home/robu/work/robu_kocran19_ws/robu_kocran19_ws/src/robu) by extensions ['colcon_meta']
[2.482s] Level 1:colcon.colcon_core.package_identification:_identify(/home/robu/work/robu_kocran19_ws/robu_kocran19_ws/src/robu) by extension 'colcon_meta'
[2.482s] Level 1:colcon.colcon_core.package_identification:_identify(/home/robu/work/robu_kocran19_ws/robu_kocran19_ws/src/robu) by extensions ['ros']
[2.482s] Level 1:colcon.colcon_core.package_identification:_identify(/home/robu/work/robu_kocran19_ws/robu_kocran19_ws/src/robu) by extension 'ros'
[2.482s] Level 1:colcon.colcon_core.package_identification:_identify(/home/robu/work/robu_kocran19_ws/robu_kocran19_ws/src/robu) by extensions ['cmake', 'python']
[2.482s] Level 1:colcon.colcon_core.package_identification:_identify(/home/robu/work/robu_kocran19_ws/robu_kocran19_ws/src/robu) by extension 'cmake'
[2.482s] Level 1:colcon.colcon_core.package_identification:_identify(/home/robu/work/robu_kocran19_ws/robu_kocran19_ws/src/robu) by extension 'python'
[2.482s] Level 1:colcon.colcon_core.package_identification:_identify(/home/robu/work/robu_kocran19_ws/robu_kocran19_ws/src/robu) by extensions ['python_setup_py']
[2.482s] Level 1:colcon.colcon_core.package_identification:_identify(/home/robu/work/robu_kocran19_ws/robu_kocran19_ws/src/robu) by extension 'python_setup_py'
[2.482s] Level 1:colcon.colcon_core.package_identification:_identify(/home/robu/work/robu_kocran19_ws/robu_kocran19_ws/src/robu/robu) by extensions ['ignore', 'ignore_ament_install']
[2.482s] Level 1:colcon.colcon_core.package_identification:_identify(/home/robu/work/robu_kocran19_ws/robu_kocran19_ws/src/robu/robu) by extension 'ignore'
[2.482s] Level 1:colcon.colcon_core.package_identification:_identify(/home/robu/work/robu_kocran19_ws/robu_kocran19_ws/src/robu/robu) by extension 'ignore_ament_install'
[2.482s] Level 1:colcon.colcon_core.package_identification:_identify(/home/robu/work/robu_kocran19_ws/robu_kocran19_ws/src/robu/robu) by extensions ['colcon_pkg']
[2.482s] Level 1:colcon.colcon_core.package_identification:_identify(/home/robu/work/robu_kocran19_ws/robu_kocran19_ws/src/robu/robu) by extension 'colcon_pkg'
[2.482s] Level 1:colcon.colcon_core.package_identification:_identify(/home/robu/work/robu_kocran19_ws/robu_kocran19_ws/src/robu/robu) by extensions ['colcon_meta']
[2.482s] Level 1:colcon.colcon_core.package_identification:_identify(/home/robu/work/robu_kocran19_ws/robu_kocran19_ws/src/robu/robu) by extension 'colcon_meta'
[2.483s] Level 1:colcon.colcon_core.package_identification:_identify(/home/robu/work/robu_kocran19_ws/robu_kocran19_ws/src/robu/robu) by extensions ['ros']
[2.483s] Level 1:colcon.colcon_core.package_identification:_identify(/home/robu/work/robu_kocran19_ws/robu_kocran19_ws/src/robu/robu) by extension 'ros'
[2.483s] Level 1:colcon.colcon_core.package_identification:_identify(/home/robu/work/robu_kocran19_ws/robu_kocran19_ws/src/robu/robu) by extensions ['cmake', 'python']
[2.483s] Level 1:colcon.colcon_core.package_identification:_identify(/home/robu/work/robu_kocran19_ws/robu_kocran19_ws/src/robu/robu) by extension 'cmake'
[2.483s] Level 1:colcon.colcon_core.package_identification:_identify(/home/robu/work/robu_kocran19_ws/robu_kocran19_ws/src/robu/robu) by extension 'python'
[2.483s] Level 1:colcon.colcon_core.package_identification:_identify(/home/robu/work/robu_kocran19_ws/robu_kocran19_ws/src/robu/robu) by extensions ['python_setup_py']
[2.483s] Level 1:colcon.colcon_core.package_identification:_identify(/home/robu/work/robu_kocran19_ws/robu_kocran19_ws/src/robu/robu) by extension 'python_setup_py'
[2.483s] Level 1:colcon.colcon_core.package_identification:_identify(/home/robu/work/robu_kocran19_ws/src) by extensions ['ignore', 'ignore_ament_install']
[2.483s] Level 1:colcon.colcon_core.package_identification:_identify(/home/robu/work/robu_kocran19_ws/src) by extension 'ignore'
[2.483s] Level 1:colcon.colcon_core.package_identification:_identify(/home/robu/work/robu_kocran19_ws/src) by extension 'ignore_ament_install'
[2.483s] Level 1:colcon.colcon_core.package_identification:_identify(/home/robu/work/robu_kocran19_ws/src) by extensions ['colcon_pkg']
[2.483s] Level 1:colcon.colcon_core.package_identification:_identify(/home/robu/work/robu_kocran19_ws/src) by extension 'colcon_pkg'
[2.483s] Level 1:colcon.colcon_core.package_identification:_identify(/home/robu/work/robu_kocran19_ws/src) by extensions ['colcon_meta']
[2.483s] Level 1:colcon.colcon_core.package_identification:_identify(/home/robu/work/robu_kocran19_ws/src) by extension 'colcon_meta'
[2.483s] Level 1:colcon.colcon_core.package_identification:_identify(/home/robu/work/robu_kocran19_ws/src) by extensions ['ros']
[2.483s] Level 1:colcon.colcon_core.package_identification:_identify(/home/robu/work/robu_kocran19_ws/src) by extension 'ros'
[2.483s] Level 1:colcon.colcon_core.package_identification:_identify(/home/robu/work/robu_kocran19_ws/src) by extensions ['cmake', 'python']
[2.483s] Level 1:colcon.colcon_core.package_identification:_identify(/home/robu/work/robu_kocran19_ws/src) by extension 'cmake'
[2.483s] Level 1:colcon.colcon_core.package_identification:_identify(/home/robu/work/robu_kocran19_ws/src) by extension 'python'
[2.484s] Level 1:colcon.colcon_core.package_identification:_identify(/home/robu/work/robu_kocran19_ws/src) by extensions ['python_setup_py']
[2.484s] Level 1:colcon.colcon_core.package_identification:_identify(/home/robu/work/robu_kocran19_ws/src) by extension 'python_setup_py'
[2.484s] Level 1:colcon.colcon_core.package_identification:_identify(/home/robu/work/robu_kocran19_ws/src/build) by extensions ['ignore', 'ignore_ament_install']
[2.484s] Level 1:colcon.colcon_core.package_identification:_identify(/home/robu/work/robu_kocran19_ws/src/build) by extension 'ignore'
[2.484s] Level 1:colcon.colcon_core.package_identification:_identify(/home/robu/work/robu_kocran19_ws/src/build) ignored
[2.484s] Level 1:colcon.colcon_core.package_identification:_identify(/home/robu/work/robu_kocran19_ws/src/install) by extensions ['ignore', 'ignore_ament_install']
[2.490s] Level 1:colcon.colcon_core.package_identification:_identify(/home/robu/work/robu_kocran19_ws/src/install) by extension 'ignore'
[2.491s] Level 1:colcon.colcon_core.package_identification:_identify(/home/robu/work/robu_kocran19_ws/src/install) ignored
[2.491s] Level 1:colcon.colcon_core.package_identification:_identify(/home/robu/work/robu_kocran19_ws/src/log) by extensions ['ignore', 'ignore_ament_install']
[2.491s] Level 1:colcon.colcon_core.package_identification:_identify(/home/robu/work/robu_kocran19_ws/src/log) by extension 'ignore'
[2.491s] Level 1:colcon.colcon_core.package_identification:_identify(/home/robu/work/robu_kocran19_ws/src/log) ignored
[2.491s] Level 1:colcon.colcon_core.package_identification:_identify(/home/robu/work/robu_kocran19_ws/src/robu) by extensions ['ignore', 'ignore_ament_install']
[2.491s] Level 1:colcon.colcon_core.package_identification:_identify(/home/robu/work/robu_kocran19_ws/src/robu) by extension 'ignore'
[2.491s] Level 1:colcon.colcon_core.package_identification:_identify(/home/robu/work/robu_kocran19_ws/src/robu) by extension 'ignore_ament_install'
[2.491s] Level 1:colcon.colcon_core.package_identification:_identify(/home/robu/work/robu_kocran19_ws/src/robu) by extensions ['colcon_pkg']
[2.491s] Level 1:colcon.colcon_core.package_identification:_identify(/home/robu/work/robu_kocran19_ws/src/robu) by extension 'colcon_pkg'
[2.491s] Level 1:colcon.colcon_core.package_identification:_identify(/home/robu/work/robu_kocran19_ws/src/robu) by extensions ['colcon_meta']
[2.491s] Level 1:colcon.colcon_core.package_identification:_identify(/home/robu/work/robu_kocran19_ws/src/robu) by extension 'colcon_meta'
[2.491s] Level 1:colcon.colcon_core.package_identification:_identify(/home/robu/work/robu_kocran19_ws/src/robu) by extensions ['ros']
[2.491s] Level 1:colcon.colcon_core.package_identification:_identify(/home/robu/work/robu_kocran19_ws/src/robu) by extension 'ros'
[2.504s] DEBUG:colcon.colcon_core.package_identification:Package '/home/robu/work/robu_kocran19_ws/src/robu' with type 'ros.ament_python' and name 'robu'
[2.504s] Level 1:colcon.colcon_core.package_discovery:discover_packages(recursive) using defaults
